<?xml version="1.0" encoding="UTF-8"?>
<testsuite name="| campName | &lt;script&gt;alert(&quot;hello&quot;);&lt;/script&gt; | sec12 | Create Failed description may have unsafe html content |" tests="1" skipped="0" failures="1" errors="0" timestamp="2015-07-28T13:23:17" hostname="jov-HP-Z220-CMT-Workstation" time="35.8">
  <properties/>
  <testcase name="classMethod" classname="| campName | &lt;script&gt;alert(&quot;hello&quot;);&lt;/script&gt; | sec12 | Create Failed description may have unsafe html content |" time="35.8">
    <failure message="org.openqa.selenium.TimeoutException: Timed out after 30 seconds: Selector .error is not displayed[text*=&quot;Create Failed description may have unsafe html content&quot;] Filters : &#10;Build info: version: '2.43.1', revision: '5163bceef1bc36d43f3dc0b83c88998168a363a0', time: '2014-09-10 09:43:55'&#10;System info: host: 'jov-HP-Z220-CMT-Workstation', ip: '127.0.1.1', os.name: 'Linux', os.arch: 'amd64', os.version: '3.19.0-22-generic', java.version: '1.8.0_45'&#10;Driver info: driver.version: unknown" type="org.openqa.selenium.TimeoutException">org.openqa.selenium.TimeoutException: Timed out after 30 seconds: Selector .error is not displayed[text*=&quot;Create Failed description may have unsafe html content&quot;] Filters : 
Build info: version: '2.43.1', revision: '5163bceef1bc36d43f3dc0b83c88998168a363a0', time: '2014-09-10 09:43:55'
System info: host: 'jov-HP-Z220-CMT-Workstation', ip: '127.0.1.1', os.name: 'Linux', os.arch: 'amd64', os.version: '3.19.0-22-generic', java.version: '1.8.0_45'
Driver info: driver.version: unknown
	at org.openqa.selenium.support.ui.FluentWait.timeoutException(FluentWait.java:259)
	at org.openqa.selenium.support.ui.FluentWait.until(FluentWait.java:228)
	at org.openqa.selenium.support.ui.FluentWait.until(FluentWait.java:175)
	at org.fluentlenium.core.wait.FluentWait.until(FluentWait.java:98)
	at org.fluentlenium.core.wait.FluentWaitMatcher.until(FluentWaitMatcher.java:67)
	at org.fluentlenium.core.wait.FluentWaitMatcher.areDisplayed(FluentWaitMatcher.java:216)
	at com.nowtv.pav.test.steps.GenericSteps.the_page_displays_error_containing_text(GenericSteps.java:241)
	at ✽.And the error &quot;Create Failed description may have unsafe html content&quot; is displayed on the page(features/createFindAndFilterCampaigns.feature:21)
</failure>
  </testcase>
  <system-out><![CDATA[14:23:17.515 [Test worker] DEBUG o.s.b.f.s.DefaultListableBeanFactory - Creating instance of bean 'com.nowtv.pav.test.steps.GenericSteps'
14:23:17.515 [Test worker] DEBUG o.s.b.f.s.DefaultListableBeanFactory - Finished creating instance of bean 'com.nowtv.pav.test.steps.GenericSteps'
14:23:17.516 [Forwarding maximizeWindow on session 4c24f2ba62dc6a195f9b6e8aba03f587 to remote] DEBUG o.a.h.c.protocol.RequestAddCookies - CookieSpec selected: best-match
14:23:17.516 [Forwarding maximizeWindow on session 4c24f2ba62dc6a195f9b6e8aba03f587 to remote] DEBUG o.a.h.c.protocol.RequestAuthCache - Auth cache not set in the context
14:23:17.516 [Forwarding maximizeWindow on session 4c24f2ba62dc6a195f9b6e8aba03f587 to remote] DEBUG o.a.h.i.c.PoolingHttpClientConnectionManager - Connection request: [route: {}->http://localhost:6219][total kept alive: 0; route allocated: 0 of 2000; total allocated: 0 of 2000]
14:23:17.516 [Forwarding maximizeWindow on session 4c24f2ba62dc6a195f9b6e8aba03f587 to remote] DEBUG o.a.h.i.c.PoolingHttpClientConnectionManager - Connection leased: [id: 183][route: {}->http://localhost:6219][total kept alive: 0; route allocated: 1 of 2000; total allocated: 1 of 2000]
14:23:17.516 [Forwarding maximizeWindow on session 4c24f2ba62dc6a195f9b6e8aba03f587 to remote] DEBUG o.a.h.impl.execchain.MainClientExec - Opening connection {}->http://localhost:6219
14:23:17.516 [Forwarding maximizeWindow on session 4c24f2ba62dc6a195f9b6e8aba03f587 to remote] DEBUG o.a.h.i.c.HttpClientConnectionOperator - Connecting to localhost/127.0.0.1:6219
14:23:17.516 [Forwarding maximizeWindow on session 4c24f2ba62dc6a195f9b6e8aba03f587 to remote] DEBUG o.a.h.i.c.HttpClientConnectionOperator - Connection established 127.0.0.1:58878<->127.0.0.1:6219
14:23:17.516 [Forwarding maximizeWindow on session 4c24f2ba62dc6a195f9b6e8aba03f587 to remote] DEBUG o.a.h.impl.execchain.MainClientExec - Executing request POST /session/4c24f2ba62dc6a195f9b6e8aba03f587/window/current/maximize HTTP/1.1
14:23:17.516 [Forwarding maximizeWindow on session 4c24f2ba62dc6a195f9b6e8aba03f587 to remote] DEBUG o.a.h.impl.execchain.MainClientExec - Target auth state: UNCHALLENGED
14:23:17.516 [Forwarding maximizeWindow on session 4c24f2ba62dc6a195f9b6e8aba03f587 to remote] DEBUG o.a.h.impl.execchain.MainClientExec - Proxy auth state: UNCHALLENGED
14:23:17.516 [Forwarding maximizeWindow on session 4c24f2ba62dc6a195f9b6e8aba03f587 to remote] DEBUG org.apache.http.headers - http-outgoing-183 >> POST /session/4c24f2ba62dc6a195f9b6e8aba03f587/window/current/maximize HTTP/1.1
14:23:17.516 [Forwarding maximizeWindow on session 4c24f2ba62dc6a195f9b6e8aba03f587 to remote] DEBUG org.apache.http.headers - http-outgoing-183 >> Content-Type: application/json; charset=utf-8
14:23:17.516 [Forwarding maximizeWindow on session 4c24f2ba62dc6a195f9b6e8aba03f587 to remote] DEBUG org.apache.http.headers - http-outgoing-183 >> Content-Length: 26
14:23:17.516 [Forwarding maximizeWindow on session 4c24f2ba62dc6a195f9b6e8aba03f587 to remote] DEBUG org.apache.http.headers - http-outgoing-183 >> Host: localhost:6219
14:23:17.516 [Forwarding maximizeWindow on session 4c24f2ba62dc6a195f9b6e8aba03f587 to remote] DEBUG org.apache.http.headers - http-outgoing-183 >> Connection: Keep-Alive
14:23:17.516 [Forwarding maximizeWindow on session 4c24f2ba62dc6a195f9b6e8aba03f587 to remote] DEBUG org.apache.http.headers - http-outgoing-183 >> User-Agent: Apache-HttpClient/4.3.4 (java 1.5)
14:23:17.516 [Forwarding maximizeWindow on session 4c24f2ba62dc6a195f9b6e8aba03f587 to remote] DEBUG org.apache.http.headers - http-outgoing-183 >> Accept-Encoding: gzip,deflate
14:23:17.516 [Forwarding maximizeWindow on session 4c24f2ba62dc6a195f9b6e8aba03f587 to remote] DEBUG org.apache.http.wire - http-outgoing-183 >> "POST /session/4c24f2ba62dc6a195f9b6e8aba03f587/window/current/maximize HTTP/1.1[\r][\n]"
14:23:17.516 [Forwarding maximizeWindow on session 4c24f2ba62dc6a195f9b6e8aba03f587 to remote] DEBUG org.apache.http.wire - http-outgoing-183 >> "Content-Type: application/json; charset=utf-8[\r][\n]"
14:23:17.516 [Forwarding maximizeWindow on session 4c24f2ba62dc6a195f9b6e8aba03f587 to remote] DEBUG org.apache.http.wire - http-outgoing-183 >> "Content-Length: 26[\r][\n]"
14:23:17.516 [Forwarding maximizeWindow on session 4c24f2ba62dc6a195f9b6e8aba03f587 to remote] DEBUG org.apache.http.wire - http-outgoing-183 >> "Host: localhost:6219[\r][\n]"
14:23:17.516 [Forwarding maximizeWindow on session 4c24f2ba62dc6a195f9b6e8aba03f587 to remote] DEBUG org.apache.http.wire - http-outgoing-183 >> "Connection: Keep-Alive[\r][\n]"
14:23:17.516 [Forwarding maximizeWindow on session 4c24f2ba62dc6a195f9b6e8aba03f587 to remote] DEBUG org.apache.http.wire - http-outgoing-183 >> "User-Agent: Apache-HttpClient/4.3.4 (java 1.5)[\r][\n]"
14:23:17.516 [Forwarding maximizeWindow on session 4c24f2ba62dc6a195f9b6e8aba03f587 to remote] DEBUG org.apache.http.wire - http-outgoing-183 >> "Accept-Encoding: gzip,deflate[\r][\n]"
14:23:17.516 [Forwarding maximizeWindow on session 4c24f2ba62dc6a195f9b6e8aba03f587 to remote] DEBUG org.apache.http.wire - http-outgoing-183 >> "[\r][\n]"
14:23:17.516 [Forwarding maximizeWindow on session 4c24f2ba62dc6a195f9b6e8aba03f587 to remote] DEBUG org.apache.http.wire - http-outgoing-183 >> "{"windowHandle":"current"}"
14:23:17.622 [Forwarding maximizeWindow on session 4c24f2ba62dc6a195f9b6e8aba03f587 to remote] DEBUG org.apache.http.wire - http-outgoing-183 << "HTTP/1.1 200 OK[\r][\n]"
14:23:17.622 [Forwarding maximizeWindow on session 4c24f2ba62dc6a195f9b6e8aba03f587 to remote] DEBUG org.apache.http.wire - http-outgoing-183 << "Content-Length:72[\r][\n]"
14:23:17.622 [Forwarding maximizeWindow on session 4c24f2ba62dc6a195f9b6e8aba03f587 to remote] DEBUG org.apache.http.wire - http-outgoing-183 << "Content-Type:application/json; charset=utf-8[\r][\n]"
14:23:17.622 [Forwarding maximizeWindow on session 4c24f2ba62dc6a195f9b6e8aba03f587 to remote] DEBUG org.apache.http.wire - http-outgoing-183 << "Connection:close[\r][\n]"
14:23:17.622 [Forwarding maximizeWindow on session 4c24f2ba62dc6a195f9b6e8aba03f587 to remote] DEBUG org.apache.http.wire - http-outgoing-183 << "[\r][\n]"
14:23:17.622 [Forwarding maximizeWindow on session 4c24f2ba62dc6a195f9b6e8aba03f587 to remote] DEBUG org.apache.http.wire - http-outgoing-183 << "{"sessionId":"4c24f2ba62dc6a195f9b6e8aba03f587","status":0,"value":null}"
14:23:17.622 [Forwarding maximizeWindow on session 4c24f2ba62dc6a195f9b6e8aba03f587 to remote] DEBUG org.apache.http.headers - http-outgoing-183 << HTTP/1.1 200 OK
14:23:17.622 [Forwarding maximizeWindow on session 4c24f2ba62dc6a195f9b6e8aba03f587 to remote] DEBUG org.apache.http.headers - http-outgoing-183 << Content-Length:72
14:23:17.622 [Forwarding maximizeWindow on session 4c24f2ba62dc6a195f9b6e8aba03f587 to remote] DEBUG org.apache.http.headers - http-outgoing-183 << Content-Type:application/json; charset=utf-8
14:23:17.622 [Forwarding maximizeWindow on session 4c24f2ba62dc6a195f9b6e8aba03f587 to remote] DEBUG org.apache.http.headers - http-outgoing-183 << Connection:close
14:23:17.622 [Forwarding maximizeWindow on session 4c24f2ba62dc6a195f9b6e8aba03f587 to remote] DEBUG o.a.h.i.c.DefaultManagedHttpClientConnection - http-outgoing-183: Shutdown connection
14:23:17.622 [Forwarding maximizeWindow on session 4c24f2ba62dc6a195f9b6e8aba03f587 to remote] DEBUG o.a.h.impl.execchain.MainClientExec - Connection discarded
14:23:17.622 [Forwarding maximizeWindow on session 4c24f2ba62dc6a195f9b6e8aba03f587 to remote] DEBUG o.a.h.i.c.DefaultManagedHttpClientConnection - http-outgoing-183: Close connection
14:23:17.622 [Forwarding maximizeWindow on session 4c24f2ba62dc6a195f9b6e8aba03f587 to remote] DEBUG o.a.h.i.c.PoolingHttpClientConnectionManager - Connection released: [id: 183][route: {}->http://localhost:6219][total kept alive: 0; route allocated: 0 of 2000; total allocated: 0 of 2000]
14:23:17.623 [Forwarding get on session 4c24f2ba62dc6a195f9b6e8aba03f587 to remote] DEBUG o.a.h.c.protocol.RequestAddCookies - CookieSpec selected: best-match
14:23:17.624 [Forwarding get on session 4c24f2ba62dc6a195f9b6e8aba03f587 to remote] DEBUG o.a.h.c.protocol.RequestAuthCache - Auth cache not set in the context
14:23:17.624 [Forwarding get on session 4c24f2ba62dc6a195f9b6e8aba03f587 to remote] DEBUG o.a.h.i.c.PoolingHttpClientConnectionManager - Connection request: [route: {}->http://localhost:6219][total kept alive: 0; route allocated: 0 of 2000; total allocated: 0 of 2000]
14:23:17.624 [Forwarding get on session 4c24f2ba62dc6a195f9b6e8aba03f587 to remote] DEBUG o.a.h.i.c.PoolingHttpClientConnectionManager - Connection leased: [id: 184][route: {}->http://localhost:6219][total kept alive: 0; route allocated: 1 of 2000; total allocated: 1 of 2000]
14:23:17.624 [Forwarding get on session 4c24f2ba62dc6a195f9b6e8aba03f587 to remote] DEBUG o.a.h.impl.execchain.MainClientExec - Opening connection {}->http://localhost:6219
14:23:17.624 [Forwarding get on session 4c24f2ba62dc6a195f9b6e8aba03f587 to remote] DEBUG o.a.h.i.c.HttpClientConnectionOperator - Connecting to localhost/127.0.0.1:6219
14:23:17.624 [Forwarding get on session 4c24f2ba62dc6a195f9b6e8aba03f587 to remote] DEBUG o.a.h.i.c.HttpClientConnectionOperator - Connection established 127.0.0.1:58880<->127.0.0.1:6219
14:23:17.624 [Forwarding get on session 4c24f2ba62dc6a195f9b6e8aba03f587 to remote] DEBUG o.a.h.impl.execchain.MainClientExec - Executing request POST /session/4c24f2ba62dc6a195f9b6e8aba03f587/url HTTP/1.1
14:23:17.624 [Forwarding get on session 4c24f2ba62dc6a195f9b6e8aba03f587 to remote] DEBUG o.a.h.impl.execchain.MainClientExec - Target auth state: UNCHALLENGED
14:23:17.624 [Forwarding get on session 4c24f2ba62dc6a195f9b6e8aba03f587 to remote] DEBUG o.a.h.impl.execchain.MainClientExec - Proxy auth state: UNCHALLENGED
14:23:17.624 [Forwarding get on session 4c24f2ba62dc6a195f9b6e8aba03f587 to remote] DEBUG org.apache.http.headers - http-outgoing-184 >> POST /session/4c24f2ba62dc6a195f9b6e8aba03f587/url HTTP/1.1
14:23:17.624 [Forwarding get on session 4c24f2ba62dc6a195f9b6e8aba03f587 to remote] DEBUG org.apache.http.headers - http-outgoing-184 >> Content-Type: application/json; charset=utf-8
14:23:17.624 [Forwarding get on session 4c24f2ba62dc6a195f9b6e8aba03f587 to remote] DEBUG org.apache.http.headers - http-outgoing-184 >> Content-Length: 77
14:23:17.624 [Forwarding get on session 4c24f2ba62dc6a195f9b6e8aba03f587 to remote] DEBUG org.apache.http.headers - http-outgoing-184 >> Host: localhost:6219
14:23:17.624 [Forwarding get on session 4c24f2ba62dc6a195f9b6e8aba03f587 to remote] DEBUG org.apache.http.headers - http-outgoing-184 >> Connection: Keep-Alive
14:23:17.624 [Forwarding get on session 4c24f2ba62dc6a195f9b6e8aba03f587 to remote] DEBUG org.apache.http.headers - http-outgoing-184 >> User-Agent: Apache-HttpClient/4.3.4 (java 1.5)
14:23:17.624 [Forwarding get on session 4c24f2ba62dc6a195f9b6e8aba03f587 to remote] DEBUG org.apache.http.headers - http-outgoing-184 >> Accept-Encoding: gzip,deflate
14:23:17.624 [Forwarding get on session 4c24f2ba62dc6a195f9b6e8aba03f587 to remote] DEBUG org.apache.http.wire - http-outgoing-184 >> "POST /session/4c24f2ba62dc6a195f9b6e8aba03f587/url HTTP/1.1[\r][\n]"
14:23:17.624 [Forwarding get on session 4c24f2ba62dc6a195f9b6e8aba03f587 to remote] DEBUG org.apache.http.wire - http-outgoing-184 >> "Content-Type: application/json; charset=utf-8[\r][\n]"
14:23:17.624 [Forwarding get on session 4c24f2ba62dc6a195f9b6e8aba03f587 to remote] DEBUG org.apache.http.wire - http-outgoing-184 >> "Content-Length: 77[\r][\n]"
14:23:17.624 [Forwarding get on session 4c24f2ba62dc6a195f9b6e8aba03f587 to remote] DEBUG org.apache.http.wire - http-outgoing-184 >> "Host: localhost:6219[\r][\n]"
14:23:17.624 [Forwarding get on session 4c24f2ba62dc6a195f9b6e8aba03f587 to remote] DEBUG org.apache.http.wire - http-outgoing-184 >> "Connection: Keep-Alive[\r][\n]"
14:23:17.624 [Forwarding get on session 4c24f2ba62dc6a195f9b6e8aba03f587 to remote] DEBUG org.apache.http.wire - http-outgoing-184 >> "User-Agent: Apache-HttpClient/4.3.4 (java 1.5)[\r][\n]"
14:23:17.624 [Forwarding get on session 4c24f2ba62dc6a195f9b6e8aba03f587 to remote] DEBUG org.apache.http.wire - http-outgoing-184 >> "Accept-Encoding: gzip,deflate[\r][\n]"
14:23:17.624 [Forwarding get on session 4c24f2ba62dc6a195f9b6e8aba03f587 to remote] DEBUG org.apache.http.wire - http-outgoing-184 >> "[\r][\n]"
14:23:17.624 [Forwarding get on session 4c24f2ba62dc6a195f9b6e8aba03f587 to remote] DEBUG org.apache.http.wire - http-outgoing-184 >> "{"url":"http://admin:pass@voucher-manager.stage.pv.nimbus-stage.cg.sky.com/"}"
14:23:17.792 [Forwarding get on session 4c24f2ba62dc6a195f9b6e8aba03f587 to remote] DEBUG org.apache.http.wire - http-outgoing-184 << "HTTP/1.1 200 OK[\r][\n]"
14:23:17.792 [Forwarding get on session 4c24f2ba62dc6a195f9b6e8aba03f587 to remote] DEBUG org.apache.http.wire - http-outgoing-184 << "Content-Length:72[\r][\n]"
14:23:17.792 [Forwarding get on session 4c24f2ba62dc6a195f9b6e8aba03f587 to remote] DEBUG org.apache.http.wire - http-outgoing-184 << "Content-Type:application/json; charset=utf-8[\r][\n]"
14:23:17.792 [Forwarding get on session 4c24f2ba62dc6a195f9b6e8aba03f587 to remote] DEBUG org.apache.http.wire - http-outgoing-184 << "Connection:close[\r][\n]"
14:23:17.792 [Forwarding get on session 4c24f2ba62dc6a195f9b6e8aba03f587 to remote] DEBUG org.apache.http.wire - http-outgoing-184 << "[\r][\n]"
14:23:17.792 [Forwarding get on session 4c24f2ba62dc6a195f9b6e8aba03f587 to remote] DEBUG org.apache.http.wire - http-outgoing-184 << "{"sessionId":"4c24f2ba62dc6a195f9b6e8aba03f587","status":0,"value":null}"
14:23:17.792 [Forwarding get on session 4c24f2ba62dc6a195f9b6e8aba03f587 to remote] DEBUG org.apache.http.headers - http-outgoing-184 << HTTP/1.1 200 OK
14:23:17.792 [Forwarding get on session 4c24f2ba62dc6a195f9b6e8aba03f587 to remote] DEBUG org.apache.http.headers - http-outgoing-184 << Content-Length:72
14:23:17.792 [Forwarding get on session 4c24f2ba62dc6a195f9b6e8aba03f587 to remote] DEBUG org.apache.http.headers - http-outgoing-184 << Content-Type:application/json; charset=utf-8
14:23:17.792 [Forwarding get on session 4c24f2ba62dc6a195f9b6e8aba03f587 to remote] DEBUG org.apache.http.headers - http-outgoing-184 << Connection:close
14:23:17.792 [Forwarding get on session 4c24f2ba62dc6a195f9b6e8aba03f587 to remote] DEBUG o.a.h.i.c.DefaultManagedHttpClientConnection - http-outgoing-184: Shutdown connection
14:23:17.792 [Forwarding get on session 4c24f2ba62dc6a195f9b6e8aba03f587 to remote] DEBUG o.a.h.impl.execchain.MainClientExec - Connection discarded
14:23:17.792 [Forwarding get on session 4c24f2ba62dc6a195f9b6e8aba03f587 to remote] DEBUG o.a.h.i.c.DefaultManagedHttpClientConnection - http-outgoing-184: Close connection
14:23:17.792 [Forwarding get on session 4c24f2ba62dc6a195f9b6e8aba03f587 to remote] DEBUG o.a.h.i.c.PoolingHttpClientConnectionManager - Connection released: [id: 184][route: {}->http://localhost:6219][total kept alive: 0; route allocated: 0 of 2000; total allocated: 0 of 2000]

  @UI @UIVOUCHERFINDANDFILTER
  Scenario Outline: Create XSS filled malicious campaigns                                    ?[90m# features/createFindAndFilterCampaigns.feature:24?[0m
    # **************************************************************************************
    # -------------------------------- Create Invalid Campaigns ---------------------------
    # **************************************************************************************
    ?[32mGiven ?[0m?[32mI go to the ?[0m?[32m?[1mHome?[0m?[32m page?[0m                                                              ?[90m# GenericSteps.i_go_to_page(String)?[0m
    ?[32mAnd ?[0m?[32mI click on the ?[0m?[32m?[1mCreate Campaign?[0m?[32m link?[0m                                                  ?[90m# GenericSteps.i_click_on_the_link(String)?[0m
    ?[32mAnd ?[0m?[32mI select "?[0m?[32m?[1mPromo Code?[0m?[32m" from ?[0m?[32m?[1mcampaignType?[0m                                              ?[90m# GenericSteps.i_select_from(String,String)?[0m
    ?[32mAnd ?[0m?[32mI enter the values?[0m                                                                   ?[90m# GenericSteps.i_enter_the_values(String,String>)?[0m
    ?[32mThen ?[0m?[32mI click the ?[0m?[32m?[1mCreate Campaign?[0m?[32m button?[0m                                                  ?[90m# GenericSteps.click_the_submit_button(String)?[0m
    ?[31mAnd ?[0m?[31mthe error "?[0m?[31m?[1mCreate Failed name may have unsafe html content?[0m?[31m" is displayed on the page?[0m ?[90m# GenericSteps.the_page_displays_error_containing_text(String)?[0m
      ?[31morg.openqa.selenium.TimeoutException: Timed out after 30 seconds: Selector .error is not displayed[text*="Create Failed name may have unsafe html content"] Filters : 
      Build info: version: '2.43.1', revision: '5163bceef1bc36d43f3dc0b83c88998168a363a0', time: '2014-09-10 09:43:55'
      System info: host: 'jov-HP-Z220-CMT-Workstation', ip: '127.0.1.1', os.name: 'Linux', os.arch: 'amd64', os.version: '3.19.0-22-generic', java.version: '1.8.0_45'
      Driver info: driver.version: unknown
      	at org.openqa.selenium.support.ui.FluentWait.timeoutException(FluentWait.java:259)
      	at org.openqa.selenium.support.ui.FluentWait.until(FluentWait.java:228)
      	at org.openqa.selenium.support.ui.FluentWait.until(FluentWait.java:175)
      	at org.fluentlenium.core.wait.FluentWait.until(FluentWait.java:98)
      	at org.fluentlenium.core.wait.FluentWaitMatcher.until(FluentWaitMatcher.java:67)
      	at org.fluentlenium.core.wait.FluentWaitMatcher.areDisplayed(FluentWaitMatcher.java:216)
      	at com.nowtv.pav.test.steps.GenericSteps.the_page_displays_error_containing_text(GenericSteps.java:241)
      	at ✽.And the error "Create Failed name may have unsafe html content" is displayed on the page(features/createFindAndFilterCampaigns.feature:21)
      ?[0m
14:23:17.799 [Forwarding get on session 4c24f2ba62dc6a195f9b6e8aba03f587 to remote] DEBUG o.a.h.c.protocol.RequestAddCookies - CookieSpec selected: best-match
14:23:17.799 [Forwarding get on session 4c24f2ba62dc6a195f9b6e8aba03f587 to remote] DEBUG o.a.h.c.protocol.RequestAuthCache - Auth cache not set in the context
14:23:17.799 [Forwarding get on session 4c24f2ba62dc6a195f9b6e8aba03f587 to remote] DEBUG o.a.h.i.c.PoolingHttpClientConnectionManager - Connection request: [route: {}->http://localhost:6219][total kept alive: 0; route allocated: 0 of 2000; total allocated: 0 of 2000]
14:23:17.799 [Forwarding get on session 4c24f2ba62dc6a195f9b6e8aba03f587 to remote] DEBUG o.a.h.i.c.PoolingHttpClientConnectionManager - Connection leased: [id: 185][route: {}->http://localhost:6219][total kept alive: 0; route allocated: 1 of 2000; total allocated: 1 of 2000]
14:23:17.799 [Forwarding get on session 4c24f2ba62dc6a195f9b6e8aba03f587 to remote] DEBUG o.a.h.impl.execchain.MainClientExec - Opening connection {}->http://localhost:6219
14:23:17.799 [Forwarding get on session 4c24f2ba62dc6a195f9b6e8aba03f587 to remote] DEBUG o.a.h.i.c.HttpClientConnectionOperator - Connecting to localhost/127.0.0.1:6219
14:23:17.800 [Forwarding get on session 4c24f2ba62dc6a195f9b6e8aba03f587 to remote] DEBUG o.a.h.i.c.HttpClientConnectionOperator - Connection established 127.0.0.1:58882<->127.0.0.1:6219
14:23:17.800 [Forwarding get on session 4c24f2ba62dc6a195f9b6e8aba03f587 to remote] DEBUG o.a.h.impl.execchain.MainClientExec - Executing request POST /session/4c24f2ba62dc6a195f9b6e8aba03f587/url HTTP/1.1
14:23:17.800 [Forwarding get on session 4c24f2ba62dc6a195f9b6e8aba03f587 to remote] DEBUG o.a.h.impl.execchain.MainClientExec - Target auth state: UNCHALLENGED
14:23:17.800 [Forwarding get on session 4c24f2ba62dc6a195f9b6e8aba03f587 to remote] DEBUG o.a.h.impl.execchain.MainClientExec - Proxy auth state: UNCHALLENGED
14:23:17.800 [Forwarding get on session 4c24f2ba62dc6a195f9b6e8aba03f587 to remote] DEBUG org.apache.http.headers - http-outgoing-185 >> POST /session/4c24f2ba62dc6a195f9b6e8aba03f587/url HTTP/1.1
14:23:17.800 [Forwarding get on session 4c24f2ba62dc6a195f9b6e8aba03f587 to remote] DEBUG org.apache.http.headers - http-outgoing-185 >> Content-Type: application/json; charset=utf-8
14:23:17.800 [Forwarding get on session 4c24f2ba62dc6a195f9b6e8aba03f587 to remote] DEBUG org.apache.http.headers - http-outgoing-185 >> Content-Length: 80
14:23:17.800 [Forwarding get on session 4c24f2ba62dc6a195f9b6e8aba03f587 to remote] DEBUG org.apache.http.headers - http-outgoing-185 >> Host: localhost:6219
14:23:17.800 [Forwarding get on session 4c24f2ba62dc6a195f9b6e8aba03f587 to remote] DEBUG org.apache.http.headers - http-outgoing-185 >> Connection: Keep-Alive
14:23:17.800 [Forwarding get on session 4c24f2ba62dc6a195f9b6e8aba03f587 to remote] DEBUG org.apache.http.headers - http-outgoing-185 >> User-Agent: Apache-HttpClient/4.3.4 (java 1.5)
14:23:17.800 [Forwarding get on session 4c24f2ba62dc6a195f9b6e8aba03f587 to remote] DEBUG org.apache.http.headers - http-outgoing-185 >> Accept-Encoding: gzip,deflate
14:23:17.800 [Forwarding get on session 4c24f2ba62dc6a195f9b6e8aba03f587 to remote] DEBUG org.apache.http.wire - http-outgoing-185 >> "POST /session/4c24f2ba62dc6a195f9b6e8aba03f587/url HTTP/1.1[\r][\n]"
14:23:17.800 [Forwarding get on session 4c24f2ba62dc6a195f9b6e8aba03f587 to remote] DEBUG org.apache.http.wire - http-outgoing-185 >> "Content-Type: application/json; charset=utf-8[\r][\n]"
14:23:17.800 [Forwarding get on session 4c24f2ba62dc6a195f9b6e8aba03f587 to remote] DEBUG org.apache.http.wire - http-outgoing-185 >> "Content-Length: 80[\r][\n]"
14:23:17.800 [Forwarding get on session 4c24f2ba62dc6a195f9b6e8aba03f587 to remote] DEBUG org.apache.http.wire - http-outgoing-185 >> "Host: localhost:6219[\r][\n]"
14:23:17.800 [Forwarding get on session 4c24f2ba62dc6a195f9b6e8aba03f587 to remote] DEBUG org.apache.http.wire - http-outgoing-185 >> "Connection: Keep-Alive[\r][\n]"
14:23:17.800 [Forwarding get on session 4c24f2ba62dc6a195f9b6e8aba03f587 to remote] DEBUG org.apache.http.wire - http-outgoing-185 >> "User-Agent: Apache-HttpClient/4.3.4 (java 1.5)[\r][\n]"
14:23:17.800 [Forwarding get on session 4c24f2ba62dc6a195f9b6e8aba03f587 to remote] DEBUG org.apache.http.wire - http-outgoing-185 >> "Accept-Encoding: gzip,deflate[\r][\n]"
14:23:17.800 [Forwarding get on session 4c24f2ba62dc6a195f9b6e8aba03f587 to remote] DEBUG org.apache.http.wire - http-outgoing-185 >> "[\r][\n]"
14:23:17.800 [Forwarding get on session 4c24f2ba62dc6a195f9b6e8aba03f587 to remote] DEBUG org.apache.http.wire - http-outgoing-185 >> "{"url":"http://voucher-manager-ui.stage.pv.nimbus-stage.cg.sky.com/#/campaigns"}"
14:23:18.186 [Forwarding get on session 4c24f2ba62dc6a195f9b6e8aba03f587 to remote] DEBUG org.apache.http.wire - http-outgoing-185 << "HTTP/1.1 200 OK[\r][\n]"
14:23:18.186 [Forwarding get on session 4c24f2ba62dc6a195f9b6e8aba03f587 to remote] DEBUG org.apache.http.wire - http-outgoing-185 << "Content-Length:72[\r][\n]"
14:23:18.186 [Forwarding get on session 4c24f2ba62dc6a195f9b6e8aba03f587 to remote] DEBUG org.apache.http.wire - http-outgoing-185 << "Content-Type:application/json; charset=utf-8[\r][\n]"
14:23:18.186 [Forwarding get on session 4c24f2ba62dc6a195f9b6e8aba03f587 to remote] DEBUG org.apache.http.wire - http-outgoing-185 << "Connection:close[\r][\n]"
14:23:18.186 [Forwarding get on session 4c24f2ba62dc6a195f9b6e8aba03f587 to remote] DEBUG org.apache.http.wire - http-outgoing-185 << "[\r][\n]"
14:23:18.186 [Forwarding get on session 4c24f2ba62dc6a195f9b6e8aba03f587 to remote] DEBUG org.apache.http.wire - http-outgoing-185 << "{"sessionId":"4c24f2ba62dc6a195f9b6e8aba03f587","status":0,"value":null}"
14:23:18.186 [Forwarding get on session 4c24f2ba62dc6a195f9b6e8aba03f587 to remote] DEBUG org.apache.http.headers - http-outgoing-185 << HTTP/1.1 200 OK
14:23:18.186 [Forwarding get on session 4c24f2ba62dc6a195f9b6e8aba03f587 to remote] DEBUG org.apache.http.headers - http-outgoing-185 << Content-Length:72
14:23:18.186 [Forwarding get on session 4c24f2ba62dc6a195f9b6e8aba03f587 to remote] DEBUG org.apache.http.headers - http-outgoing-185 << Content-Type:application/json; charset=utf-8
14:23:18.186 [Forwarding get on session 4c24f2ba62dc6a195f9b6e8aba03f587 to remote] DEBUG org.apache.http.headers - http-outgoing-185 << Connection:close
14:23:18.186 [Forwarding get on session 4c24f2ba62dc6a195f9b6e8aba03f587 to remote] DEBUG o.a.h.i.c.DefaultManagedHttpClientConnection - http-outgoing-185: Shutdown connection
14:23:18.187 [Forwarding get on session 4c24f2ba62dc6a195f9b6e8aba03f587 to remote] DEBUG o.a.h.impl.execchain.MainClientExec - Connection discarded
14:23:18.187 [Forwarding get on session 4c24f2ba62dc6a195f9b6e8aba03f587 to remote] DEBUG o.a.h.i.c.DefaultManagedHttpClientConnection - http-outgoing-185: Close connection
14:23:18.187 [Forwarding get on session 4c24f2ba62dc6a195f9b6e8aba03f587 to remote] DEBUG o.a.h.i.c.PoolingHttpClientConnectionManager - Connection released: [id: 185][route: {}->http://localhost:6219][total kept alive: 0; route allocated: 0 of 2000; total allocated: 0 of 2000]
14:23:18.187 [Forwarding getCurrentUrl on session 4c24f2ba62dc6a195f9b6e8aba03f587 to remote] DEBUG o.a.h.c.protocol.RequestAddCookies - CookieSpec selected: best-match
14:23:18.187 [Forwarding getCurrentUrl on session 4c24f2ba62dc6a195f9b6e8aba03f587 to remote] DEBUG o.a.h.c.protocol.RequestAuthCache - Auth cache not set in the context
14:23:18.187 [Forwarding getCurrentUrl on session 4c24f2ba62dc6a195f9b6e8aba03f587 to remote] DEBUG o.a.h.i.c.PoolingHttpClientConnectionManager - Connection request: [route: {}->http://localhost:6219][total kept alive: 0; route allocated: 0 of 2000; total allocated: 0 of 2000]
14:23:18.188 [Forwarding getCurrentUrl on session 4c24f2ba62dc6a195f9b6e8aba03f587 to remote] DEBUG o.a.h.i.c.PoolingHttpClientConnectionManager - Connection leased: [id: 186][route: {}->http://localhost:6219][total kept alive: 0; route allocated: 1 of 2000; total allocated: 1 of 2000]
14:23:18.188 [Forwarding getCurrentUrl on session 4c24f2ba62dc6a195f9b6e8aba03f587 to remote] DEBUG o.a.h.impl.execchain.MainClientExec - Opening connection {}->http://localhost:6219
14:23:18.188 [Forwarding getCurrentUrl on session 4c24f2ba62dc6a195f9b6e8aba03f587 to remote] DEBUG o.a.h.i.c.HttpClientConnectionOperator - Connecting to localhost/127.0.0.1:6219
14:23:18.188 [Forwarding getCurrentUrl on session 4c24f2ba62dc6a195f9b6e8aba03f587 to remote] DEBUG o.a.h.i.c.HttpClientConnectionOperator - Connection established 127.0.0.1:58888<->127.0.0.1:6219
14:23:18.188 [Forwarding getCurrentUrl on session 4c24f2ba62dc6a195f9b6e8aba03f587 to remote] DEBUG o.a.h.impl.execchain.MainClientExec - Executing request GET /session/4c24f2ba62dc6a195f9b6e8aba03f587/url HTTP/1.1
14:23:18.188 [Forwarding getCurrentUrl on session 4c24f2ba62dc6a195f9b6e8aba03f587 to remote] DEBUG o.a.h.impl.execchain.MainClientExec - Target auth state: UNCHALLENGED
14:23:18.188 [Forwarding getCurrentUrl on session 4c24f2ba62dc6a195f9b6e8aba03f587 to remote] DEBUG o.a.h.impl.execchain.MainClientExec - Proxy auth state: UNCHALLENGED
14:23:18.188 [Forwarding getCurrentUrl on session 4c24f2ba62dc6a195f9b6e8aba03f587 to remote] DEBUG org.apache.http.headers - http-outgoing-186 >> GET /session/4c24f2ba62dc6a195f9b6e8aba03f587/url HTTP/1.1
14:23:18.188 [Forwarding getCurrentUrl on session 4c24f2ba62dc6a195f9b6e8aba03f587 to remote] DEBUG org.apache.http.headers - http-outgoing-186 >> Cache-Control: no-cache
14:23:18.188 [Forwarding getCurrentUrl on session 4c24f2ba62dc6a195f9b6e8aba03f587 to remote] DEBUG org.apache.http.headers - http-outgoing-186 >> Host: localhost:6219
14:23:18.188 [Forwarding getCurrentUrl on session 4c24f2ba62dc6a195f9b6e8aba03f587 to remote] DEBUG org.apache.http.headers - http-outgoing-186 >> Connection: Keep-Alive
14:23:18.188 [Forwarding getCurrentUrl on session 4c24f2ba62dc6a195f9b6e8aba03f587 to remote] DEBUG org.apache.http.headers - http-outgoing-186 >> User-Agent: Apache-HttpClient/4.3.4 (java 1.5)
14:23:18.188 [Forwarding getCurrentUrl on session 4c24f2ba62dc6a195f9b6e8aba03f587 to remote] DEBUG org.apache.http.headers - http-outgoing-186 >> Accept-Encoding: gzip,deflate
14:23:18.188 [Forwarding getCurrentUrl on session 4c24f2ba62dc6a195f9b6e8aba03f587 to remote] DEBUG org.apache.http.wire - http-outgoing-186 >> "GET /session/4c24f2ba62dc6a195f9b6e8aba03f587/url HTTP/1.1[\r][\n]"
14:23:18.188 [Forwarding getCurrentUrl on session 4c24f2ba62dc6a195f9b6e8aba03f587 to remote] DEBUG org.apache.http.wire - http-outgoing-186 >> "Cache-Control: no-cache[\r][\n]"
14:23:18.188 [Forwarding getCurrentUrl on session 4c24f2ba62dc6a195f9b6e8aba03f587 to remote] DEBUG org.apache.http.wire - http-outgoing-186 >> "Host: localhost:6219[\r][\n]"
14:23:18.188 [Forwarding getCurrentUrl on session 4c24f2ba62dc6a195f9b6e8aba03f587 to remote] DEBUG org.apache.http.wire - http-outgoing-186 >> "Connection: Keep-Alive[\r][\n]"
14:23:18.188 [Forwarding getCurrentUrl on session 4c24f2ba62dc6a195f9b6e8aba03f587 to remote] DEBUG org.apache.http.wire - http-outgoing-186 >> "User-Agent: Apache-HttpClient/4.3.4 (java 1.5)[\r][\n]"
14:23:18.188 [Forwarding getCurrentUrl on session 4c24f2ba62dc6a195f9b6e8aba03f587 to remote] DEBUG org.apache.http.wire - http-outgoing-186 >> "Accept-Encoding: gzip,deflate[\r][\n]"
14:23:18.188 [Forwarding getCurrentUrl on session 4c24f2ba62dc6a195f9b6e8aba03f587 to remote] DEBUG org.apache.http.wire - http-outgoing-186 >> "[\r][\n]"
14:23:18.215 [Forwarding getCurrentUrl on session 4c24f2ba62dc6a195f9b6e8aba03f587 to remote] DEBUG org.apache.http.wire - http-outgoing-186 << "HTTP/1.1 200 OK[\r][\n]"
14:23:18.215 [Forwarding getCurrentUrl on session 4c24f2ba62dc6a195f9b6e8aba03f587 to remote] DEBUG org.apache.http.wire - http-outgoing-186 << "Content-Length:140[\r][\n]"
14:23:18.215 [Forwarding getCurrentUrl on session 4c24f2ba62dc6a195f9b6e8aba03f587 to remote] DEBUG org.apache.http.wire - http-outgoing-186 << "Content-Type:application/json; charset=utf-8[\r][\n]"
14:23:18.215 [Forwarding getCurrentUrl on session 4c24f2ba62dc6a195f9b6e8aba03f587 to remote] DEBUG org.apache.http.wire - http-outgoing-186 << "Connection:close[\r][\n]"
14:23:18.216 [Forwarding getCurrentUrl on session 4c24f2ba62dc6a195f9b6e8aba03f587 to remote] DEBUG org.apache.http.wire - http-outgoing-186 << "[\r][\n]"
14:23:18.216 [Forwarding getCurrentUrl on session 4c24f2ba62dc6a195f9b6e8aba03f587 to remote] DEBUG org.apache.http.wire - http-outgoing-186 << "{"sessionId":"4c24f2ba62dc6a195f9b6e8aba03f587","status":0,"value":"http://voucher-manager-ui.stage.pv.nimbus-stage.cg.sky.com/#/campaigns"}"
14:23:18.216 [Forwarding getCurrentUrl on session 4c24f2ba62dc6a195f9b6e8aba03f587 to remote] DEBUG org.apache.http.headers - http-outgoing-186 << HTTP/1.1 200 OK
14:23:18.216 [Forwarding getCurrentUrl on session 4c24f2ba62dc6a195f9b6e8aba03f587 to remote] DEBUG org.apache.http.headers - http-outgoing-186 << Content-Length:140
14:23:18.216 [Forwarding getCurrentUrl on session 4c24f2ba62dc6a195f9b6e8aba03f587 to remote] DEBUG org.apache.http.headers - http-outgoing-186 << Content-Type:application/json; charset=utf-8
14:23:18.216 [Forwarding getCurrentUrl on session 4c24f2ba62dc6a195f9b6e8aba03f587 to remote] DEBUG org.apache.http.headers - http-outgoing-186 << Connection:close
14:23:18.216 [Forwarding getCurrentUrl on session 4c24f2ba62dc6a195f9b6e8aba03f587 to remote] DEBUG o.a.h.i.c.DefaultManagedHttpClientConnection - http-outgoing-186: Shutdown connection
14:23:18.216 [Forwarding getCurrentUrl on session 4c24f2ba62dc6a195f9b6e8aba03f587 to remote] DEBUG o.a.h.impl.execchain.MainClientExec - Connection discarded
14:23:18.216 [Forwarding getCurrentUrl on session 4c24f2ba62dc6a195f9b6e8aba03f587 to remote] DEBUG o.a.h.i.c.DefaultManagedHttpClientConnection - http-outgoing-186: Close connection
14:23:18.216 [Forwarding getCurrentUrl on session 4c24f2ba62dc6a195f9b6e8aba03f587 to remote] DEBUG o.a.h.i.c.PoolingHttpClientConnectionManager - Connection released: [id: 186][route: {}->http://localhost:6219][total kept alive: 0; route allocated: 0 of 2000; total allocated: 0 of 2000]
14:23:18.217 [Forwarding executeScript on session 4c24f2ba62dc6a195f9b6e8aba03f587 to remote] DEBUG o.a.h.c.protocol.RequestAddCookies - CookieSpec selected: best-match
14:23:18.217 [Forwarding executeScript on session 4c24f2ba62dc6a195f9b6e8aba03f587 to remote] DEBUG o.a.h.c.protocol.RequestAuthCache - Auth cache not set in the context
14:23:18.217 [Forwarding executeScript on session 4c24f2ba62dc6a195f9b6e8aba03f587 to remote] DEBUG o.a.h.i.c.PoolingHttpClientConnectionManager - Connection request: [route: {}->http://localhost:6219][total kept alive: 0; route allocated: 0 of 2000; total allocated: 0 of 2000]
14:23:18.217 [Forwarding executeScript on session 4c24f2ba62dc6a195f9b6e8aba03f587 to remote] DEBUG o.a.h.i.c.PoolingHttpClientConnectionManager - Connection leased: [id: 187][route: {}->http://localhost:6219][total kept alive: 0; route allocated: 1 of 2000; total allocated: 1 of 2000]
14:23:18.217 [Forwarding executeScript on session 4c24f2ba62dc6a195f9b6e8aba03f587 to remote] DEBUG o.a.h.impl.execchain.MainClientExec - Opening connection {}->http://localhost:6219
14:23:18.217 [Forwarding executeScript on session 4c24f2ba62dc6a195f9b6e8aba03f587 to remote] DEBUG o.a.h.i.c.HttpClientConnectionOperator - Connecting to localhost/127.0.0.1:6219
14:23:18.217 [Forwarding executeScript on session 4c24f2ba62dc6a195f9b6e8aba03f587 to remote] DEBUG o.a.h.i.c.HttpClientConnectionOperator - Connection established 127.0.0.1:58889<->127.0.0.1:6219
14:23:18.217 [Forwarding executeScript on session 4c24f2ba62dc6a195f9b6e8aba03f587 to remote] DEBUG o.a.h.impl.execchain.MainClientExec - Executing request POST /session/4c24f2ba62dc6a195f9b6e8aba03f587/execute HTTP/1.1
14:23:18.217 [Forwarding executeScript on session 4c24f2ba62dc6a195f9b6e8aba03f587 to remote] DEBUG o.a.h.impl.execchain.MainClientExec - Target auth state: UNCHALLENGED
14:23:18.217 [Forwarding executeScript on session 4c24f2ba62dc6a195f9b6e8aba03f587 to remote] DEBUG o.a.h.impl.execchain.MainClientExec - Proxy auth state: UNCHALLENGED
14:23:18.217 [Forwarding executeScript on session 4c24f2ba62dc6a195f9b6e8aba03f587 to remote] DEBUG org.apache.http.headers - http-outgoing-187 >> POST /session/4c24f2ba62dc6a195f9b6e8aba03f587/execute HTTP/1.1
14:23:18.217 [Forwarding executeScript on session 4c24f2ba62dc6a195f9b6e8aba03f587 to remote] DEBUG org.apache.http.headers - http-outgoing-187 >> Content-Type: application/json; charset=utf-8
14:23:18.217 [Forwarding executeScript on session 4c24f2ba62dc6a195f9b6e8aba03f587 to remote] DEBUG org.apache.http.headers - http-outgoing-187 >> Content-Length: 75
14:23:18.217 [Forwarding executeScript on session 4c24f2ba62dc6a195f9b6e8aba03f587 to remote] DEBUG org.apache.http.headers - http-outgoing-187 >> Host: localhost:6219
14:23:18.217 [Forwarding executeScript on session 4c24f2ba62dc6a195f9b6e8aba03f587 to remote] DEBUG org.apache.http.headers - http-outgoing-187 >> Connection: Keep-Alive
14:23:18.217 [Forwarding executeScript on session 4c24f2ba62dc6a195f9b6e8aba03f587 to remote] DEBUG org.apache.http.headers - http-outgoing-187 >> User-Agent: Apache-HttpClient/4.3.4 (java 1.5)
14:23:18.217 [Forwarding executeScript on session 4c24f2ba62dc6a195f9b6e8aba03f587 to remote] DEBUG org.apache.http.headers - http-outgoing-187 >> Accept-Encoding: gzip,deflate
14:23:18.217 [Forwarding executeScript on session 4c24f2ba62dc6a195f9b6e8aba03f587 to remote] DEBUG org.apache.http.wire - http-outgoing-187 >> "POST /session/4c24f2ba62dc6a195f9b6e8aba03f587/execute HTTP/1.1[\r][\n]"
14:23:18.217 [Forwarding executeScript on session 4c24f2ba62dc6a195f9b6e8aba03f587 to remote] DEBUG org.apache.http.wire - http-outgoing-187 >> "Content-Type: application/json; charset=utf-8[\r][\n]"
14:23:18.217 [Forwarding executeScript on session 4c24f2ba62dc6a195f9b6e8aba03f587 to remote] DEBUG org.apache.http.wire - http-outgoing-187 >> "Content-Length: 75[\r][\n]"
14:23:18.217 [Forwarding executeScript on session 4c24f2ba62dc6a195f9b6e8aba03f587 to remote] DEBUG org.apache.http.wire - http-outgoing-187 >> "Host: localhost:6219[\r][\n]"
14:23:18.217 [Forwarding executeScript on session 4c24f2ba62dc6a195f9b6e8aba03f587 to remote] DEBUG org.apache.http.wire - http-outgoing-187 >> "Connection: Keep-Alive[\r][\n]"
14:23:18.217 [Forwarding executeScript on session 4c24f2ba62dc6a195f9b6e8aba03f587 to remote] DEBUG org.apache.http.wire - http-outgoing-187 >> "User-Agent: Apache-HttpClient/4.3.4 (java 1.5)[\r][\n]"
14:23:18.217 [Forwarding executeScript on session 4c24f2ba62dc6a195f9b6e8aba03f587 to remote] DEBUG org.apache.http.wire - http-outgoing-187 >> "Accept-Encoding: gzip,deflate[\r][\n]"
14:23:18.217 [Forwarding executeScript on session 4c24f2ba62dc6a195f9b6e8aba03f587 to remote] DEBUG org.apache.http.wire - http-outgoing-187 >> "[\r][\n]"
14:23:18.217 [Forwarding executeScript on session 4c24f2ba62dc6a195f9b6e8aba03f587 to remote] DEBUG org.apache.http.wire - http-outgoing-187 >> "{"args":[],"script":"if (document.readyState) return document.readyState;"}"
14:23:18.374 [Forwarding executeScript on session 4c24f2ba62dc6a195f9b6e8aba03f587 to remote] DEBUG org.apache.http.wire - http-outgoing-187 << "HTTP/1.1 200 OK[\r][\n]"
14:23:18.374 [Forwarding executeScript on session 4c24f2ba62dc6a195f9b6e8aba03f587 to remote] DEBUG org.apache.http.wire - http-outgoing-187 << "Content-Length:78[\r][\n]"
14:23:18.374 [Forwarding executeScript on session 4c24f2ba62dc6a195f9b6e8aba03f587 to remote] DEBUG org.apache.http.wire - http-outgoing-187 << "Content-Type:application/json; charset=utf-8[\r][\n]"
14:23:18.374 [Forwarding executeScript on session 4c24f2ba62dc6a195f9b6e8aba03f587 to remote] DEBUG org.apache.http.wire - http-outgoing-187 << "Connection:close[\r][\n]"
14:23:18.374 [Forwarding executeScript on session 4c24f2ba62dc6a195f9b6e8aba03f587 to remote] DEBUG org.apache.http.wire - http-outgoing-187 << "[\r][\n]"
14:23:18.374 [Forwarding executeScript on session 4c24f2ba62dc6a195f9b6e8aba03f587 to remote] DEBUG org.apache.http.wire - http-outgoing-187 << "{"sessionId":"4c24f2ba62dc6a195f9b6e8aba03f587","status":0,"value":"complete"}"
14:23:18.374 [Forwarding executeScript on session 4c24f2ba62dc6a195f9b6e8aba03f587 to remote] DEBUG org.apache.http.headers - http-outgoing-187 << HTTP/1.1 200 OK
14:23:18.374 [Forwarding executeScript on session 4c24f2ba62dc6a195f9b6e8aba03f587 to remote] DEBUG org.apache.http.headers - http-outgoing-187 << Content-Length:78
14:23:18.374 [Forwarding executeScript on session 4c24f2ba62dc6a195f9b6e8aba03f587 to remote] DEBUG org.apache.http.headers - http-outgoing-187 << Content-Type:application/json; charset=utf-8
14:23:18.374 [Forwarding executeScript on session 4c24f2ba62dc6a195f9b6e8aba03f587 to remote] DEBUG org.apache.http.headers - http-outgoing-187 << Connection:close
14:23:18.374 [Forwarding executeScript on session 4c24f2ba62dc6a195f9b6e8aba03f587 to remote] DEBUG o.a.h.i.c.DefaultManagedHttpClientConnection - http-outgoing-187: Shutdown connection
14:23:18.374 [Forwarding executeScript on session 4c24f2ba62dc6a195f9b6e8aba03f587 to remote] DEBUG o.a.h.impl.execchain.MainClientExec - Connection discarded
14:23:18.374 [Forwarding executeScript on session 4c24f2ba62dc6a195f9b6e8aba03f587 to remote] DEBUG o.a.h.i.c.DefaultManagedHttpClientConnection - http-outgoing-187: Close connection
14:23:18.375 [Forwarding executeScript on session 4c24f2ba62dc6a195f9b6e8aba03f587 to remote] DEBUG o.a.h.i.c.PoolingHttpClientConnectionManager - Connection released: [id: 187][route: {}->http://localhost:6219][total kept alive: 0; route allocated: 0 of 2000; total allocated: 0 of 2000]
14:23:18.375 [Forwarding getPageSource on session 4c24f2ba62dc6a195f9b6e8aba03f587 to remote] DEBUG o.a.h.c.protocol.RequestAddCookies - CookieSpec selected: best-match
14:23:18.375 [Forwarding getPageSource on session 4c24f2ba62dc6a195f9b6e8aba03f587 to remote] DEBUG o.a.h.c.protocol.RequestAuthCache - Auth cache not set in the context
14:23:18.375 [Forwarding getPageSource on session 4c24f2ba62dc6a195f9b6e8aba03f587 to remote] DEBUG o.a.h.i.c.PoolingHttpClientConnectionManager - Connection request: [route: {}->http://localhost:6219][total kept alive: 0; route allocated: 0 of 2000; total allocated: 0 of 2000]
14:23:18.375 [Forwarding getPageSource on session 4c24f2ba62dc6a195f9b6e8aba03f587 to remote] DEBUG o.a.h.i.c.PoolingHttpClientConnectionManager - Connection leased: [id: 188][route: {}->http://localhost:6219][total kept alive: 0; route allocated: 1 of 2000; total allocated: 1 of 2000]
14:23:18.375 [Forwarding getPageSource on session 4c24f2ba62dc6a195f9b6e8aba03f587 to remote] DEBUG o.a.h.impl.execchain.MainClientExec - Opening connection {}->http://localhost:6219
14:23:18.375 [Forwarding getPageSource on session 4c24f2ba62dc6a195f9b6e8aba03f587 to remote] DEBUG o.a.h.i.c.HttpClientConnectionOperator - Connecting to localhost/127.0.0.1:6219
14:23:18.375 [Forwarding getPageSource on session 4c24f2ba62dc6a195f9b6e8aba03f587 to remote] DEBUG o.a.h.i.c.HttpClientConnectionOperator - Connection established 127.0.0.1:58891<->127.0.0.1:6219
14:23:18.375 [Forwarding getPageSource on session 4c24f2ba62dc6a195f9b6e8aba03f587 to remote] DEBUG o.a.h.impl.execchain.MainClientExec - Executing request GET /session/4c24f2ba62dc6a195f9b6e8aba03f587/source HTTP/1.1
14:23:18.375 [Forwarding getPageSource on session 4c24f2ba62dc6a195f9b6e8aba03f587 to remote] DEBUG o.a.h.impl.execchain.MainClientExec - Target auth state: UNCHALLENGED
14:23:18.375 [Forwarding getPageSource on session 4c24f2ba62dc6a195f9b6e8aba03f587 to remote] DEBUG o.a.h.impl.execchain.MainClientExec - Proxy auth state: UNCHALLENGED
14:23:18.375 [Forwarding getPageSource on session 4c24f2ba62dc6a195f9b6e8aba03f587 to remote] DEBUG org.apache.http.headers - http-outgoing-188 >> GET /session/4c24f2ba62dc6a195f9b6e8aba03f587/source HTTP/1.1
14:23:18.375 [Forwarding getPageSource on session 4c24f2ba62dc6a195f9b6e8aba03f587 to remote] DEBUG org.apache.http.headers - http-outgoing-188 >> Cache-Control: no-cache
14:23:18.375 [Forwarding getPageSource on session 4c24f2ba62dc6a195f9b6e8aba03f587 to remote] DEBUG org.apache.http.headers - http-outgoing-188 >> Host: localhost:6219
14:23:18.375 [Forwarding getPageSource on session 4c24f2ba62dc6a195f9b6e8aba03f587 to remote] DEBUG org.apache.http.headers - http-outgoing-188 >> Connection: Keep-Alive
14:23:18.375 [Forwarding getPageSource on session 4c24f2ba62dc6a195f9b6e8aba03f587 to remote] DEBUG org.apache.http.headers - http-outgoing-188 >> User-Agent: Apache-HttpClient/4.3.4 (java 1.5)
14:23:18.375 [Forwarding getPageSource on session 4c24f2ba62dc6a195f9b6e8aba03f587 to remote] DEBUG org.apache.http.headers - http-outgoing-188 >> Accept-Encoding: gzip,deflate
14:23:18.375 [Forwarding getPageSource on session 4c24f2ba62dc6a195f9b6e8aba03f587 to remote] DEBUG org.apache.http.wire - http-outgoing-188 >> "GET /session/4c24f2ba62dc6a195f9b6e8aba03f587/source HTTP/1.1[\r][\n]"
14:23:18.375 [Forwarding getPageSource on session 4c24f2ba62dc6a195f9b6e8aba03f587 to remote] DEBUG org.apache.http.wire - http-outgoing-188 >> "Cache-Control: no-cache[\r][\n]"
14:23:18.375 [Forwarding getPageSource on session 4c24f2ba62dc6a195f9b6e8aba03f587 to remote] DEBUG org.apache.http.wire - http-outgoing-188 >> "Host: localhost:6219[\r][\n]"
14:23:18.375 [Forwarding getPageSource on session 4c24f2ba62dc6a195f9b6e8aba03f587 to remote] DEBUG org.apache.http.wire - http-outgoing-188 >> "Connection: Keep-Alive[\r][\n]"
14:23:18.375 [Forwarding getPageSource on session 4c24f2ba62dc6a195f9b6e8aba03f587 to remote] DEBUG org.apache.http.wire - http-outgoing-188 >> "User-Agent: Apache-HttpClient/4.3.4 (java 1.5)[\r][\n]"
14:23:18.375 [Forwarding getPageSource on session 4c24f2ba62dc6a195f9b6e8aba03f587 to remote] DEBUG org.apache.http.wire - http-outgoing-188 >> "Accept-Encoding: gzip,deflate[\r][\n]"
14:23:18.375 [Forwarding getPageSource on session 4c24f2ba62dc6a195f9b6e8aba03f587 to remote] DEBUG org.apache.http.wire - http-outgoing-188 >> "[\r][\n]"
14:23:18.379 [Forwarding getPageSource on session 4c24f2ba62dc6a195f9b6e8aba03f587 to remote] DEBUG org.apache.http.wire - http-outgoing-188 << "HTTP/1.1 200 OK[\r][\n]"
14:23:18.379 [Forwarding getPageSource on session 4c24f2ba62dc6a195f9b6e8aba03f587 to remote] DEBUG org.apache.http.wire - http-outgoing-188 << "Content-Length:44651[\r][\n]"
14:23:18.379 [Forwarding getPageSource on session 4c24f2ba62dc6a195f9b6e8aba03f587 to remote] DEBUG org.apache.http.wire - http-outgoing-188 << "Content-Type:application/json; charset=utf-8[\r][\n]"
14:23:18.379 [Forwarding getPageSource on session 4c24f2ba62dc6a195f9b6e8aba03f587 to remote] DEBUG org.apache.http.wire - http-outgoing-188 << "Connection:close[\r][\n]"
14:23:18.379 [Forwarding getPageSource on session 4c24f2ba62dc6a195f9b6e8aba03f587 to remote] DEBUG org.apache.http.wire - http-outgoing-188 << "[\r][\n]"
14:23:18.379 [Forwarding getPageSource on session 4c24f2ba62dc6a195f9b6e8aba03f587 to remote] DEBUG org.apache.http.wire - http-outgoing-188 << "{"sessionId":"4c24f2ba62dc6a195f9b6e8aba03f587","status":0,"value":"\u003C!DOCTYPE html>\u003Chtml xmlns=\"http://www.w3.org/1999/xhtml\" class=\"no-js\">\u003Chead>\u003Cstyle type=\"text/css\">@charset \"UTF-8\";[ng\\:cloak],[ng-cloak],[data-ng-cloak],[x-ng-cloak],.ng-cloak,.x-ng-cloak,.ng-hide:not(.ng-hide-animate){display:none !important;}ng\\:form{display:block;}.ng-animate-shim{visibility:hidden;}.ng-anchor{position:absolute;}\u003C/style> \u003Cmeta charset=\"utf-8\" /> \u003Ctitle>\u003C/title> \u003Cmeta name=\"description\" content=\"\" /> \u003Cmeta name=\"viewport\" content=\"width=device-width\" /> \u003Clink rel=\"stylesheet\" href=\"styles/vendor.e0f0f7c2.css\" /> \u003Clink rel=\"stylesheet\" href=\"styles/main.d21d6943.css\" />  \u003C/head>\u003Cbody ng-app=\"vouchersUiApp\" class=\"ng-scope\"> \u003C!--[if lt IE 7]>\n      \u003Cp class=\"browsehappy\">You are using an \u003Cstrong>outdated\u003C/strong> browser. Please \u003Ca href=\"http://browsehappy.com/\">upgrade your browser\u003C/a> to improve your experience.\u003C/p>\n    \u003C![endif]--> \u003Cserver-connection>\u003Cdiv class=\"col-md-12 alert-message\"> \u003C!-- ngRepeat: alert in alerts --> \u003C/div>\u003C/server-connection> \u003C!-- Add your site or application content here --> \u003Cdiv class=\"container\"> \u003C!-- ngView:  -->\u003Cdiv ng-view=\"\" class=\"body ng-scope\">\u003C!-- ngInclude: undefined --> \u003Cdiv class=\"row name-group ng-scope\"> \u003Cdiv class=\"col-md-12\"> \u003Ch4>Campaign List\u003C/h4> \u003Cform class=\"form-inline search-form ng-pristine ng-valid ng-valid-minlength ng-valid-maxlength\" name=\"nameForm\"> \u003Cdiv class=\"form-group col-md-5\"> \u003Clabel for=\"search-name\">Find\u003C/label> \u003Cinput type=\"text\" ng-model=\"searchName\" delayed-model=\"searchName\" name=\"name\" class=\"form-control ng-pristine ng-untouched ng-valid ng-valid-minlength ng-valid-maxlength\" id=\"search-name\" ng-minlength=\"3\" maxlength=\"50\" placeholder=\"Campaign Name (Minimum 3 characters)\" /> \u003Cspan id=\"searchclear\" class=\"glyphicon glyphicon-remove-circle\" ng-click=\"clearSearchName()\">\u003C/span> \u003C/div> \u003C/form> \u003Cdiv class=\"btn-group pull-right\"> \u003Cbutton type=\"submit\" class=\"btn btn-success\" ng-click=\"exportFilteredList()\">Export Campaign List\u003C/button> \u003C/div> \u003C/div> \u003C/div> \u003Cdiv class=\"row ng-scope\"> \u003Cform class=\"form-inline search-form filter-campaigns ng-pristine ng-valid ng-valid-date\" name=\"searchForm\"> \u003Cdiv class=\"col-md-12 ng-hide\" ng-hide=\"!showFilters\"> \u003Chr /> \u003Cdiv class=\"form-group date-group\"> \u003Clabel for=\"start\">Start Date\u003C/label> \u003Cdiv class=\"dropdown\"> \u003Ca class=\"dropdown-toggle\" id=\"start-dropdown\" role=\"button\" data-toggle=\"dropdown\" data-target=\"#\" href=\"#\" aria-haspopup=\"true\" aria-expanded=\"false\"> \u003Cdiv class=\"input-group\">\u003Cinput type=\"text\" size=\"20\" class=\"form-control ng-pristine ng-untouched ng-valid ng-valid-date\" name=\"start\" id=\"start\" data-ng-model=\"search.start\" ng-change=\"checkFilterDateValidity()\" />\u003Cspan class=\"input-group-addon\">\u003Ci class=\"glyphicon glyphicon-calendar\">\u003C/i>\u003C/span>\u003C/div> \u003C/a> \u003Cul class=\"dropdown-menu\" role=\"menu\" aria-labelledby=\"dLabel\"> \u003Cdiv class=\"datetimepicker table-responsive ng-isolate-scope ng-valid\" data-ng-model=\"search.start\" data-datetimepicker-config=\"{ dropdownSelector: '#start-dropdown', startView:'day', minView:'day' }\" data-on-set-time=\"setStartDate(newDate, oldDate)\">\u003Ctable class=\"table table-striped  day-view\">   \u003Cthead>       \u003Ctr>           \u003Cth class=\"left\" data-ng-click=\"changeView(data.currentView, data.leftDate, $event)\" data-ng-show=\"data.leftDate.selectable\">\u003Ci class=\"glyphicon glyphicon-arrow-left\">\u003C/i>\u003C/th>           \u003Cth class=\"switch ng-binding\" colspan=\"5\" data-ng-show=\"data.previousViewDate.selectable\" data-ng-click=\"changeView(data.previousView, data.previousViewDate, $event)\">2015-Jul\u003C/th>           \u003Cth class=\"right\" data-ng-click=\"changeView(data.currentView, data.rightDate, $event)\" data-ng-show=\"data.rightDate.selectable\">\u003Ci class=\"glyphicon glyphicon-arrow-right\">\u003C/i>\u003C/th>       \u003C/tr>       \u003Ctr>           \u003C!-- ngRepeat: day in data.dayNames -->\u003Cth class=\"dow ng-binding ng-scope\" data-ng-repeat=\"day in data.dayNames\">Su\u003C/th>\u003C!-- end ngRepeat: day in data.dayNames -->\u003Cth class=\"dow ng-binding ng-scope\" data-ng-repeat=\"day in data.dayNames\">Mo\u003C/th>\u003C!-- end ngRepeat: day in data.dayNames -->\u003Cth class=\"dow ng-binding ng-scope\" data-ng-repeat=\"day in data.dayNames\">Tu\u003C/th>\u003C!-- end ngRepeat: day in data.dayNames -->\u003Cth class=\"dow ng-binding ng-scope\" data-ng-repeat=\"day in data.dayNames\">We\u003C/th>\u003C!-- end ngRepeat: day in data.dayNames -->\u003Cth class=\"dow ng-binding ng-scope\" data-ng-repeat=\"day in data.dayNames\">Th\u003C/th>\u003C!-- end ngRepeat: day in data.dayNames -->\u003Cth class=\"dow ng-binding ng-scope\" data-ng-repeat=\"day in data.dayNames\">Fr\u003C/th>\u003C!-- end ngRepeat: day in data.dayNames -->\u003Cth class=\"dow ng-binding ng-scope\" data-ng-repeat=\"day in data.dayNames\">Sa\u003C/th>\u003C!-- end ngRepeat: day in data.dayNames -->       \u003C/tr>   \u003C/thead>   \u003Ctbody>       \u003C!-- ngIf: data.currentView !== 'day' -->       \u003C!-- ngRepeat: week in data.weeks -->\u003C!-- ngIf: data.currentView === 'day' -->\u003Ctr data-ng-if=\"data.currentView === 'day'\" data-ng-repeat=\"week in data.weeks\" class=\"ng-scope\">           \u003C!-- ngRepeat: dateObject in week.dates -->\u003Ctd data-ng-repeat=\"dateObject in week.dates\" data-ng-click=\"changeView(data.nextView, dateObject, $event)\" class=\"day ng-binding ng-scope past\" data-ng-class=\"{active: dateObject.active, past: dateObject.past, future: dateObject.future, disabled: !dateObject.selectable}\">28\u003C/td>\u003C!-- end ngRepeat: dateObject in week.dates -->\u003Ctd data-ng-repeat=\"dateObject in week.dates\" data-ng-click=\"changeView(data.nextView, dateObject, $event)\" class=\"day ng-binding ng-scope past\" data-ng-class=\"{active: dateObject.active, past: dateObject.past, future: dateObject.future, disabled: !dateObject.selectable}\">29\u003C/td>\u003C!-- end ngRepeat: dateObject in week.dates -->\u003Ctd data-ng-repeat=\"dateObject in week.dates\" data-ng-click=\"changeView(data.nextView, dateObject, $event)\" class=\"day ng-binding ng-scope past\" data-ng-class=\"{active: dateObject.active, past: dateObject.past, future: dateObject.future, disabled: !dateObject.selectable}\">30\u003C/td>\u003C!-- end ngRepeat: dateObject in week.dates -->\u003Ctd data-ng-repeat=\"dateObject in week.dates\" data-ng-click=\"changeView(data.nextView, dateObject, $event)\" class=\"day ng-binding ng-scope\" data-ng-class=\"{active: dateObject.active, past: dateObject.past, future: dateObject.future, disabled: !dateObject.selectable}\">1\u003C/td>\u003C!-- end ngRepeat: dateObject in week.dates -->\u003Ctd data-ng-repeat=\"dateObject in week.dates\" data-ng-click=\"changeView(data.nextView, dateObject, $event)\" class=\"day ng-binding ng-scope\" data-ng-class=\"{active: dateObject.active, past: dateObject.past, future: dateObject.future, disabled: !dateObject.selectable}\">2\u003C/td>\u003C!-- end ngRepeat: dateObject in week.dates -->\u003Ctd data-ng-repeat=\"dateObject in week.dates\" data-ng-click=\"changeView(data.nextView, dateObject, $event)\" class=\"day ng-binding ng-scope\" data-ng-class=\"{active: dateObject.active, past: dateObject.past, future: dateObject.future, disabled: !dateObject.selectable}\">3\u003C/td>\u003C!-- end ngRepeat: dateObject in week.dates -->\u003Ctd data-ng-repeat=\"dateObject in week.dates\" data-ng-click=\"changeView(data.nextView, dateObject, $event)\" class=\"day ng-binding ng-scope\" data-ng-class=\"{active: dateObject.active, past: dat"
14:23:18.379 [Forwarding getPageSource on session 4c24f2ba62dc6a195f9b6e8aba03f587 to remote] DEBUG org.apache.http.headers - http-outgoing-188 << HTTP/1.1 200 OK
14:23:18.379 [Forwarding getPageSource on session 4c24f2ba62dc6a195f9b6e8aba03f587 to remote] DEBUG org.apache.http.headers - http-outgoing-188 << Content-Length:44651
14:23:18.379 [Forwarding getPageSource on session 4c24f2ba62dc6a195f9b6e8aba03f587 to remote] DEBUG org.apache.http.headers - http-outgoing-188 << Content-Type:application/json; charset=utf-8
14:23:18.379 [Forwarding getPageSource on session 4c24f2ba62dc6a195f9b6e8aba03f587 to remote] DEBUG org.apache.http.headers - http-outgoing-188 << Connection:close
14:23:18.380 [Forwarding getPageSource on session 4c24f2ba62dc6a195f9b6e8aba03f587 to remote] DEBUG org.apache.http.wire - http-outgoing-188 << "eObject.past, future: dateObject.future, disabled: !dateObject.selectable}\">4\u003C/td>\u003C!-- end ngRepeat: dateObject in week.dates -->       \u003C/tr>\u003C!-- end ngIf: data.currentView === 'day' -->\u003C!-- end ngRepeat: week in data.weeks -->\u003C!-- ngIf: data.currentView === 'day' -->\u003Ctr data-ng-if=\"data.currentView === 'day'\" data-ng-repeat=\"week in data.weeks\" class=\"ng-scope\">           \u003C!-- ngRepeat: dateObject in week.dates -->\u003Ctd data-ng-repeat=\"dateObject in week.dates\" data-ng-click=\"changeView(data.nextView, dateObject, $event)\" class=\"day ng-binding ng-scope\" data-ng-class=\"{active: dateObject.active, past: dateObject.past, future: dateObject.future, disabled: !dateObject.selectable}\">5\u003C/td>\u003C!-- end ngRepeat: dateObject in week.dates -->\u003Ctd data-ng-repeat=\"dateObject in week.dates\" data-ng-click=\"changeView(data.nextView, dateObject, $event)\" class=\"day ng-binding ng-scope\" data-ng-class=\"{active: dateObject.active, past: dateObject.past, future: dateObject.future, disabled: !dateObject.selectable}\">6\u003C/td>\u003C!-- end ngRepeat: dateObject in week.dates -->\u003Ctd data-ng-repeat=\"dateObject in week.dates\" data-ng-click=\"changeView(data.nextView, dateObject, $event)\" class=\"day ng-binding ng-scope\" data-ng-class=\"{active: dateObject.active, past: dateObject.past, future: dateObject.future, disabled: !dateObject.selectable}\">7\u003C/td>\u003C!-- end ngRepeat: dateObject in week.dates -->\u003Ctd data-ng-repeat=\"dateObject in week.dates\" data-ng-click=\"changeView(data.nextView, dateObject, $event)\" class=\"day ng-binding ng-scope\" data-ng-class=\"{active: dateObject.active, past: dateObject.past, future: dateObject.future, disabled: !dateObject.selectable}\">8\u003C/td>\u003C!-- end ngRepeat: dateObject in week.dates -->\u003Ctd data-ng-repeat=\"dateObject in week.dates\" data-ng-click=\"changeView(data.nextView, dateObject, $event)\" class=\"day ng-binding ng-scope\" data-ng-class=\"{active: dateObject.active, past: dateObject.past, future: dateObject.future, disabled: !dateObject.selectable}\">9\u003C/td>\u003C!-- end ngRepeat: dateObject in week.dates -->\u003Ctd data-ng-repeat=\"dateObject in week.dates\" data-ng-click=\"changeView(data.nextView, dateObject, $event)\" class=\"day ng-binding ng-scope\" data-ng-class=\"{active: dateObject.active, past: dateObject.past, future: dateObject.future, disabled: !dateObject.selectable}\">10\u003C/td>\u003C!-- end ngRepeat: dateObject in week.dates -->\u003Ctd data-ng-repeat=\"dateObject in week.dates\" data-ng-click=\"changeView(data.nextView, dateObject, $event)\" class=\"day ng-binding ng-scope\" data-ng-class=\"{active: dateObject.active, past: dateObject.past, future: dateObject.future, disabled: !dateObject.selectable}\">11\u003C/td>\u003C!-- end ngRepeat: dateObject in week.dates -->       \u003C/tr>\u003C!-- end ngIf: data.currentView === 'day' -->\u003C!-- end ngRepeat: week in data.weeks -->\u003C!-- ngIf: data.currentView === 'day' -->\u003Ctr data-ng-if=\"data.currentView === 'day'\" data-ng-repeat=\"week in data.weeks\" class=\"ng-scope\">           \u003C!-- ngRepeat: dateObject in week.dates -->\u003Ctd data-ng-repeat=\"dateObject in week.dates\" data-ng-click=\"changeView(data.nextView, dateObject, $event)\" class=\"day ng-binding ng-scope\" data-ng-class=\"{active: dateObject.active, past: dateObject.past, future: dateObject.future, disabled: !dateObject.selectable}\">12\u003C/td>\u003C!-- end ngRepeat: dateObject in week.dates -->\u003Ctd data-ng-repeat=\"dateObject in week.dates\" data-ng-click=\"changeView(data.nextView, dateObject, $event)\" class=\"day ng-binding ng-scope\" data-ng-class=\"{active: dateObject.active, past: dateObject.past, future: dateObject.future, disabled: !dateObject.selectable}\">13\u003C/td>\u003C!-- end ngRepeat: dateObject in week.dates -->\u003Ctd data-ng-repeat=\"dateObject in week.dates\" data-ng-click=\"changeView(data.nextView, dateObject, $event)\" class=\"day ng-binding ng-scope\" data-ng-class=\"{active: dateObject.active, past: dat"
14:23:18.380 [Forwarding getPageSource on session 4c24f2ba62dc6a195f9b6e8aba03f587 to remote] DEBUG org.apache.http.wire - http-outgoing-188 << "eObject.past, future: dateObject.future, disabled: !dateObject.selectable}\">14\u003C/td>\u003C!-- end ngRepeat: dateObject in week.dates -->\u003Ctd data-ng-repeat=\"dateObject in week.dates\" data-ng-click=\"changeView(data.nextView, dateObject, $event)\" class=\"day ng-binding ng-scope\" data-ng-class=\"{active: dateObject.active, past: dateObject.past, future: dateObject.future, disabled: !dateObject.selectable}\">15\u003C/td>\u003C!-- end ngRepeat: dateObject in week.dates -->\u003Ctd data-ng-repeat=\"dateObject in week.dates\" data-ng-click=\"changeView(data.nextView, dateObject, $event)\" class=\"day ng-binding ng-scope\" data-ng-class=\"{active: dateObject.active, past: dateObject.past, future: dateObject.future, disabled: !dateObject.selectable}\">16\u003C/td>\u003C!-- end ngRepeat: dateObject in week.dates -->\u003Ctd data-ng-repeat=\"dateObject in week.dates\" data-ng-click=\"changeView(data.nextView, dateObject, $event)\" class=\"day ng-binding ng-scope\" data-ng-class=\"{active: dateObject.active, past: dateObject.past, future: dateObject.future, disabled: !dateObject.selectable}\">17\u003C/td>\u003C!-- end ngRepeat: dateObject in week.dates -->\u003Ctd data-ng-repeat=\"dateObject in week.dates\" data-ng-click=\"changeView(data.nextView, dateObject, $event)\" class=\"day ng-binding ng-scope\" data-ng-class=\"{active: dateObject.active, past: dateObject.past, future: dateObject.future, disabled: !dateObject.selectable}\">18\u003C/td>\u003C!-- end ngRepeat: dateObject in week.dates -->       \u003C/tr>\u003C!-- end ngIf: data.currentView === 'day' -->\u003C!-- end ngRepeat: week in data.weeks -->\u003C!-- ngIf: data.currentView === 'day' -->\u003Ctr data-ng-if=\"data.currentView === 'day'\" data-ng-repeat=\"week in data.weeks\" class=\"ng-scope\">           \u003C!-- ngRepeat: dateObject in week.dates -->\u003Ctd data-ng-repeat=\"dateObject in week.dates\" data-ng-click=\"changeView(data.nextView, dateObject, $event)\" class=\"day ng-binding ng-scope\" data-ng-class=\"{active: dateObject.active, past: dateObject.past, future: dateObject.future, disabled: !dateObject.selectable}\">19\u003C/td>\u003C!-- end ngRepeat: dateObject in week.dates -->\u003Ctd data-ng-repeat=\"dateObject in week.dates\" data-ng-click=\"changeView(data.nextView, dateObject, $event)\" class=\"day ng-binding ng-scope\" data-ng-class=\"{active: dateObject.active, past: dateObject.past, future: dateObject.future, disabled: !dateObject.selectable}\">20\u003C/td>\u003C!-- end ngRepeat: dateObject in week.dates -->\u003Ctd data-ng-repeat=\"dateObject in week.dates\" data-ng-click=\"changeView(data.nextView, dateObject, $event)\" class=\"day ng-binding ng-scope\" data-ng-class=\"{active: dateObject.active, past: dateObject.past, future: dateObject.future, disabled: !dateObject.selectable}\">21\u003C/td>\u003C!-- end ngRepeat: dateObject in week.dates -->\u003Ctd data-ng-repeat=\"dateObject in week.dates\" data-ng-click=\"changeView(data.nextView, dateObject, $event)\" class=\"day ng-binding ng-scope\" data-ng-class=\"{active: dateObject.active, past: dateObject.past, future: dateObject.future, disabled: !dateObject.selectable}\">22\u003C/td>\u003C!-- end ngRepeat: dateObject in week.dates -->\u003Ctd data-ng-repeat=\"dateObject in week.dates\" data-ng-click=\"changeView(data.nextView, dateObject, $event)\" class=\"day ng-binding ng-scope\" data-ng-class=\"{active: dateObject.active, past: dateObject.past, future: dateObject.future, disabled: !dateObject.selectable}\">23\u003C/td>\u003C!-- end ngRepeat: dateObject in week.dates -->\u003Ctd data-ng-repeat=\"dateObject in week.dates\" data-ng-click=\"changeView(data.nextView, dateObject, $event)\" class=\"day ng-binding ng-scope\" data-ng-class=\"{active: dateObject.active, past: dateObject.past, future: dateObject.future, disabled: !dateObject.selectable}\">24\u003C/td>\u003C!-- end ngRepeat: dateObject in week.dates -->\u003Ctd data-ng-repeat=\"dateObject in week.dates\" data-ng-click=\"changeView(data.nextView, dateObject, $event)\" class=\"day ng-binding ng-scope\" data-ng-class=\"{active: dat"
14:23:18.380 [Forwarding getPageSource on session 4c24f2ba62dc6a195f9b6e8aba03f587 to remote] DEBUG org.apache.http.wire - http-outgoing-188 << "eObject.active, past: dateObject.past, future: dateObject.future, disabled: !dateObject.selectable}\">25\u003C/td>\u003C!-- end ngRepeat: dateObject in week.dates -->       \u003C/tr>\u003C!-- end ngIf: data.currentView === 'day' -->\u003C!-- end ngRepeat: week in data.weeks -->\u003C!-- ngIf: data.currentView === 'day' -->\u003Ctr data-ng-if=\"data.currentView === 'day'\" data-ng-repeat=\"week in data.weeks\" class=\"ng-scope\">           \u003C!-- ngRepeat: dateObject in week.dates -->\u003Ctd data-ng-repeat=\"dateObject in week.dates\" data-ng-click=\"changeView(data.nextView, dateObject, $event)\" class=\"day ng-binding ng-scope\" data-ng-class=\"{active: dateObject.active, past: dateObject.past, future: dateObject.future, disabled: !dateObject.selectable}\">26\u003C/td>\u003C!-- end ngRepeat: dateObject in week.dates -->\u003Ctd data-ng-repeat=\"dateObject in week.dates\" data-ng-click=\"changeView(data.nextView, dateObject, $event)\" class=\"day ng-binding ng-scope\" data-ng-class=\"{active: dateObject.active, past: dateObject.past, future: dateObject.future, disabled: !dateObject.selectable}\">27\u003C/td>\u003C!-- end ngRepeat: dateObject in week.dates -->\u003Ctd data-ng-repeat=\"dateObject in week.dates\" data-ng-click=\"changeView(data.nextView, dateObject, $event)\" class=\"day ng-binding ng-scope\" data-ng-class=\"{active: dateObject.active, past: dateObject.past, future: dateObject.future, disabled: !dateObject.selectable}\">28\u003C/td>\u003C!-- end ngRepeat: dateObject in week.dates -->\u003Ctd data-ng-repeat=\"dateObject in week.dates\" data-ng-click=\"changeView(data.nextView, dateObject, $event)\" class=\"day ng-binding ng-scope\" data-ng-class=\"{active: dateObject.active, past: dateObject.past, future: dateObject.future, disabled: !dateObject.selectable}\">29\u003C/td>\u003C!-- end ngRepeat: dateObject in week.dates -->\u003Ctd data-ng-repeat=\"dateObject in week.dates\" data-ng-click=\"changeView(data.nextView, dateObject, $event)\" class=\"day ng-binding ng-scope\" data-ng-class=\"{active: dateObject.active, past: dateObject.past, future: dateObject.future, disabled: !dateObject.selectable}\">30\u003C/td>\u003C!-- end ngRepeat: dateObject in week.dates -->\u003Ctd data-ng-repeat=\"dateObject in week.dates\" data-ng-click=\"changeView(data.nextView, dateObject, $event)\" class=\"day ng-binding ng-scope\" data-ng-class=\"{active: dateObject.active, past: dateObject.past, future: dateObject.future, disabled: !dateObject.selectable}\">31\u003C/td>\u003C!-- end ngRepeat: dateObject in week.dates -->\u003Ctd data-ng-repeat=\"dateObject in week.dates\" data-ng-click=\"changeView(data.nextView, dateObject, $event)\" class=\"day ng-binding ng-scope future\" data-ng-class=\"{active: dateObject.active, past: dateObject.past, future: dateObject.future, disabled: !dateObject.selectable}\">1\u003C/td>\u003C!-- end ngRepeat: dateObject in week.dates -->       \u003C/tr>\u003C!-- end ngIf: data.currentView === 'day' -->\u003C!-- end ngRepeat: week in data.weeks -->\u003C!-- ngIf: data.currentView === 'day' -->\u003Ctr data-ng-if=\"data.currentView === 'day'\" data-ng-repeat=\"week in data.weeks\" class=\"ng-scope\">           \u003C!-- ngRepeat: dateObject in week.dates -->\u003Ctd data-ng-repeat=\"dateObject in week.dates\" data-ng-click=\"changeView(data.nextView, dateObject, $event)\" class=\"day ng-binding ng-scope future\" data-ng-class=\"{active: dateObject.active, past: dateObject.past, future: dateObject.future, disabled: !dateObject.selectable}\">2\u003C/td>\u003C!-- end ngRepeat: dateObject in week.dates -->\u003Ctd data-ng-repeat=\"dateObject in week.dates\" data-ng-click=\"changeView(data.nextView, dateObject, $event)\" class=\"day ng-binding ng-scope future\" data-ng-class=\"{active: dateObject.active, past: dateObject.past, future: dateObject.future, disabled: !dateObject.selectable}\">3\u003C/td>\u003C!-- end ngRepeat: dateObject in week.dates -->\u003Ctd data-ng-repeat=\"dateObject in week.dates\" data-ng-click=\"changeView(data.nextView, dateObject, $event)\" class=\"day ng-binding ng-scope future"
14:23:18.380 [Forwarding getPageSource on session 4c24f2ba62dc6a195f9b6e8aba03f587 to remote] DEBUG org.apache.http.wire - http-outgoing-188 << "\" data-ng-class=\"{active: dateObject.active, past: dateObject.past, future: dateObject.future, disabled: !dateObject.selectable}\">4\u003C/td>\u003C!-- end ngRepeat: dateObject in week.dates -->\u003Ctd data-ng-repeat=\"dateObject in week.dates\" data-ng-click=\"changeView(data.nextView, dateObject, $event)\" class=\"day ng-binding ng-scope future\" data-ng-class=\"{active: dateObject.active, past: dateObject.past, future: dateObject.future, disabled: !dateObject.selectable}\">5\u003C/td>\u003C!-- end ngRepeat: dateObject in week.dates -->\u003Ctd data-ng-repeat=\"dateObject in week.dates\" data-ng-click=\"changeView(data.nextView, dateObject, $event)\" class=\"day ng-binding ng-scope future\" data-ng-class=\"{active: dateObject.active, past: dateObject.past, future: dateObject.future, disabled: !dateObject.selectable}\">6\u003C/td>\u003C!-- end ngRepeat: dateObject in week.dates -->\u003Ctd data-ng-repeat=\"dateObject in week.dates\" data-ng-click=\"changeView(data.nextView, dateObject, $event)\" class=\"day ng-binding ng-scope future\" data-ng-class=\"{active: dateObject.active, past: dateObject.past, future: dateObject.future, disabled: !dateObject.selectable}\">7\u003C/td>\u003C!-- end ngRepeat: dateObject in week.dates -->\u003Ctd data-ng-repeat=\"dateObject in week.dates\" data-ng-click=\"changeView(data.nextView, dateObject, $event)\" class=\"day ng-binding ng-scope future\" data-ng-class=\"{active: dateObject.active, past: dateObject.past, future: dateObject.future, disabled: !dateObject.selectable}\">8\u003C/td>\u003C!-- end ngRepeat: dateObject in week.dates -->       \u003C/tr>\u003C!-- end ngIf: data.currentView === 'day' -->\u003C!-- end ngRepeat: week in data.weeks -->   \u003C/tbody>\u003C/table>\u003C/div>\u003C/ul> \u003C/div> \u003C/div> \u003Cdiv class=\"form-group date-group\"> \u003Clabel for=\"end\">End Date\u003C/label> \u003Cdiv class=\"dropdown\"> \u003Ca class=\"dropdown-toggle\" id=\"end-dropdown\" role=\"button\" data-toggle=\"dropdown\" data-target=\"#\" href=\"#\" aria-haspopup=\"true\" aria-expanded=\"false\"> \u003Cdiv class=\"input-group\">\u003Cinput type=\"text\" size=\"20\" class=\"form-control ng-pristine ng-untouched ng-valid ng-valid-date\" name=\"end\" id=\"end\" data-ng-model=\"search.end\" ng-change=\"checkFilterDateValidity()\" />\u003Cspan class=\"input-group-addon\">\u003Ci class=\"glyphicon glyphicon-calendar\">\u003C/i>\u003C/span>\u003C/div> \u003C/a> \u003Cul class=\"dropdown-menu\" role=\"menu\" aria-labelledby=\"dLabel\"> \u003Cdiv class=\"datetimepicker table-responsive ng-isolate-scope ng-valid\" data-ng-model=\"search.end\" data-datetimepicker-config=\"{ dropdownSelector: '#end-dropdown', startView:'day', minView:'day' }\" data-on-set-time=\"setEndDate(newDate, oldDate)\">\u003Ctable class=\"table table-striped  day-view\">   \u003Cthead>       \u003Ctr>           \u003Cth class=\"left\" data-ng-click=\"changeView(data.currentView, data.leftDate, $event)\" data-ng-show=\"data.leftDate.selectable\">\u003Ci class=\"glyphicon glyphicon-arrow-left\">\u003C/i>\u003C/th>           \u003Cth class=\"switch ng-binding\" colspan=\"5\" data-ng-show=\"data.previousViewDate.selectable\" data-ng-click=\"changeView(data.previousView, data.previousViewDate, $event)\">2015-Jul\u003C/th>           \u003Cth class=\"right\" data-ng-click=\"changeView(data.currentView, data.rightDate, $event)\" data-ng-show=\"data.rightDate.selectable\">\u003Ci class=\"glyphicon glyphicon-arrow-right\">\u003C/i>\u003C/th>       \u003C/tr>       \u003Ctr>           \u003C!-- ngRepeat: day in data.dayNames -->\u003Cth class=\"dow ng-binding ng-scope\" data-ng-repeat=\"day in data.dayNames\">Su\u003C/th>\u003C!-- end ngRepeat: day in data.dayNames -->\u003Cth class=\"dow ng-binding ng-scope\" data-ng-repeat=\"day in data.dayNames\">Mo\u003C/th>\u003C!-- end ngRepeat: day in data.dayNames -->\u003Cth class=\"dow ng-binding ng-scope\" data-ng-repeat=\"day in data.dayNames\">Tu\u003C/th>\u003C!-- end ngRepeat: day in data.dayNames -->\u003Cth class=\"dow ng-binding ng-scope\" data-ng-repeat=\"day in data.dayN"
14:23:18.380 [Forwarding getPageSource on session 4c24f2ba62dc6a195f9b6e8aba03f587 to remote] DEBUG org.apache.http.wire - http-outgoing-188 << "ames\">We\u003C/th>\u003C!-- end ngRepeat: day in data.dayNames -->\u003Cth class=\"dow ng-binding ng-scope\" data-ng-repeat=\"day in data.dayNames\">Th\u003C/th>\u003C!-- end ngRepeat: day in data.dayNames -->\u003Cth class=\"dow ng-binding ng-scope\" data-ng-repeat=\"day in data.dayNames\">Fr\u003C/th>\u003C!-- end ngRepeat: day in data.dayNames -->\u003Cth class=\"dow ng-binding ng-scope\" data-ng-repeat=\"day in data.dayNames\">Sa\u003C/th>\u003C!-- end ngRepeat: day in data.dayNames -->       \u003C/tr>   \u003C/thead>   \u003Ctbody>       \u003C!-- ngIf: data.currentView !== 'day' -->       \u003C!-- ngRepeat: week in data.weeks -->\u003C!-- ngIf: data.currentView === 'day' -->\u003Ctr data-ng-if=\"data.currentView === 'day'\" data-ng-repeat=\"week in data.weeks\" class=\"ng-scope\">           \u003C!-- ngRepeat: dateObject in week.dates -->\u003Ctd data-ng-repeat=\"dateObject in week.dates\" data-ng-click=\"changeView(data.nextView, dateObject, $event)\" class=\"day ng-binding ng-scope past\" data-ng-class=\"{active: dateObject.active, past: dateObject.past, future: dateObject.future, disabled: !dateObject.selectable}\">28\u003C/td>\u003C!-- end ngRepeat: dateObject in week.dates -->\u003Ctd data-ng-repeat=\"dateObject in week.dates\" data-ng-click=\"changeView(data.nextView, dateObject, $event)\" class=\"day ng-binding ng-scope past\" data-ng-class=\"{active: dateObject.active, past: dateObject.past, future: dateObject.future, disabled: !dateObject.selectable}\">29\u003C/td>\u003C!-- end ngRepeat: dateObject in week.dates -->\u003Ctd data-ng-repeat=\"dateObject in week.dates\" data-ng-click=\"changeView(data.nextView, dateObject, $event)\" class=\"day ng-binding ng-scope past\" data-ng-class=\"{active: dateObject.active, past: dateObject.past, future: dateObject.future, disabled: !dateObject.selectable}\">30\u003C/td>\u003C!-- end ngRepeat: dateObject in week.dates -->\u003Ctd data-ng-repeat=\"dateObject in week.dates\" data-ng-click=\"changeView(data.nextView, dateObject, $event)\" class=\"day ng-binding ng-scope\" data-ng-class=\"{active: dateObject.active, past: dateObject.past, future: dateObject.future, disabled: !dateObject.selectable}\">1\u003C/td>\u003C!-- end ngRepeat: dateObject in week.dates -->\u003Ctd data-ng-repeat=\"dateObject in week.dates\" data-ng-click=\"changeView(data.nextView, dateObject, $event)\" class=\"day ng-binding ng-scope\" data-ng-class=\"{active: dateObject.active, past: dateObject.past, future: dateObject.future, disabled: !dateObject.selectable}\">2\u003C/td>\u003C!-- end ngRepeat: dateObject in week.dates -->\u003Ctd data-ng-repeat=\"dateObject in week.dates\" data-ng-click=\"changeView(data.nextView, dateObject, $event)\" class=\"day ng-binding ng-scope\" data-ng-class=\"{active: dateObject.active, past: dateObject.past, future: dateObject.future, disabled: !dateObject.selectable}\">3\u003C/td>\u003C!-- end ngRepeat: dateObject in week.dates -->\u003Ctd data-ng-repeat=\"dateObject in week.dates\" data-ng-click=\"changeView(data.nextView, dateObject, $event)\" class=\"day ng-binding ng-scope\" data-ng-class=\"{active: dateObject.active, past: dateObject.past, future: dateObject.future, disabled: !dateObject.selectable}\">4\u003C/td>\u003C!-- end ngRepeat: dateObject in week.dates -->       \u003C/tr>\u003C!-- end ngIf: data.currentView === 'day' -->\u003C!-- end ngRepeat: week in data.weeks -->\u003C!-- ngIf: data.currentView === 'day' -->\u003Ctr data-ng-if=\"data.currentView === 'day'\" data-ng-repeat=\"week in data.weeks\" class=\"ng-scope\">           \u003C!-- ngRepeat: dateObject in week.dates -->\u003Ctd data-ng-repeat=\"dateObject in week.dates\" data-ng-click=\"changeView(data.nextView, dateObject, $event)\" class=\"day ng-binding ng-scope\" data-ng-class=\"{active: dateObject.active, past: dateObject.past, future: dateObject.future, disabled: !dateObject.selectable}\">5\u003C/td>\u003C!-- end ngRepeat: dateObject in week.dates -->\u003Ctd data-ng-repeat=\"dateObject in week.dates\" data-ng-click=\"changeView(data.nextView, dateObject, $event)\" class=\"day ng-binding n"
14:23:18.380 [Forwarding getPageSource on session 4c24f2ba62dc6a195f9b6e8aba03f587 to remote] DEBUG org.apache.http.wire - http-outgoing-188 << "g-scope\" data-ng-class=\"{active: dateObject.active, past: dateObject.past, future: dateObject.future, disabled: !dateObject.selectable}\">6\u003C/td>\u003C!-- end ngRepeat: dateObject in week.dates -->\u003Ctd data-ng-repeat=\"dateObject in week.dates\" data-ng-click=\"changeView(data.nextView, dateObject, $event)\" class=\"day ng-binding ng-scope\" data-ng-class=\"{active: dateObject.active, past: dateObject.past, future: dateObject.future, disabled: !dateObject.selectable}\">7\u003C/td>\u003C!-- end ngRepeat: dateObject in week.dates -->\u003Ctd data-ng-repeat=\"dateObject in week.dates\" data-ng-click=\"changeView(data.nextView, dateObject, $event)\" class=\"day ng-binding ng-scope\" data-ng-class=\"{active: dateObject.active, past: dateObject.past, future: dateObject.future, disabled: !dateObject.selectable}\">8\u003C/td>\u003C!-- end ngRepeat: dateObject in week.dates -->\u003Ctd data-ng-repeat=\"dateObject in week.dates\" data-ng-click=\"changeView(data.nextView, dateObject, $event)\" class=\"day ng-binding ng-scope\" data-ng-class=\"{active: dateObject.active, past: dateObject.past, future: dateObject.future, disabled: !dateObject.selectable}\">9\u003C/td>\u003C!-- end ngRepeat: dateObject in week.dates -->\u003Ctd data-ng-repeat=\"dateObject in week.dates\" data-ng-click=\"changeView(data.nextView, dateObject, $event)\" class=\"day ng-binding ng-scope\" data-ng-class=\"{active: dateObject.active, past: dateObject.past, future: dateObject.future, disabled: !dateObject.selectable}\">10\u003C/td>\u003C!-- end ngRepeat: dateObject in week.dates -->\u003Ctd data-ng-repeat=\"dateObject in week.dates\" data-ng-click=\"changeView(data.nextView, dateObject, $event)\" class=\"day ng-binding ng-scope\" data-ng-class=\"{active: dateObject.active, past: dateObject.past, future: dateObject.future, disabled: !dateObject.selectable}\">11\u003C/td>\u003C!-- end ngRepeat: dateObject in week.dates -->       \u003C/tr>\u003C!-- end ngIf: data.currentView === 'day' -->\u003C!-- end ngRepeat: week in data.weeks -->\u003C!-- ngIf: data.currentView === 'day' -->\u003Ctr data-ng-if=\"data.currentView === 'day'\" data-ng-repeat=\"week in data.weeks\" class=\"ng-scope\">           \u003C!-- ngRepeat: dateObject in week.dates -->\u003Ctd data-ng-repeat=\"dateObject in week.dates\" data-ng-click=\"changeView(data.nextView, dateObject, $event)\" class=\"day ng-binding ng-scope\" data-ng-class=\"{active: dateObject.active, past: dateObject.past, future: dateObject.future, disabled: !dateObject.selectable}\">12\u003C/td>\u003C!-- end ngRepeat: dateObject in week.dates -->\u003Ctd data-ng-repeat=\"dateObject in week.dates\" data-ng-click=\"changeView(data.nextView, dateObject, $event)\" class=\"day ng-binding ng-scope\" data-ng-class=\"{active: dateObject.active, past: dateObject.past, future: dateObject.future, disabled: !dateObject.selectable}\">13\u003C/td>\u003C!-- end ngRepeat: dateObject in week.dates -->\u003Ctd data-ng-repeat=\"dateObject in week.dates\" data-ng-click=\"changeView(data.nextView, dateObject, $event)\" class=\"day ng-binding ng-scope\" data-ng-class=\"{active: dateObject.active, past: dateObject.past, future: dateObject.future, disabled: !dateObject.selectable}\">14\u003C/td>\u003C!-- end ngRepeat: dateObject in week.dates -->\u003Ctd data-ng-repeat=\"dateObject in week.dates\" data-ng-click=\"changeView(data.nextView, dateObject, $event)\" class=\"day ng-binding ng-scope\" data-ng-class=\"{active: dateObject.active, past: dateObject.past, future: dateObject.future, disabled: !dateObject.selectable}\">15\u003C/td>\u003C!-- end ngRepeat: dateObject in week.dates -->\u003Ctd data-ng-repeat=\"dateObject in week.dates\" data-ng-click=\"changeView(data.nextView, dateObject, $event)\" class=\"day ng-binding ng-scope\" data-ng-class=\"{active: dateObject.active, past: dateObject.past, future: dateObject.future, disabled: !dateObject.selectable}\">16\u003C/td>\u003C!-- end ngRepeat: dateObject in week.dates -->\u003Ctd data-ng-repeat=\"dateObject in week.dates\" data-ng-click=\"changeView(data.nextView, dateObject, $event)\" cla"
14:23:18.380 [Forwarding getPageSource on session 4c24f2ba62dc6a195f9b6e8aba03f587 to remote] DEBUG org.apache.http.wire - http-outgoing-188 << "ss=\"day ng-binding ng-scope\" data-ng-class=\"{active: dateObject.active, past: dateObject.past, future: dateObject.future, disabled: !dateObject.selectable}\">17\u003C/td>\u003C!-- end ngRepeat: dateObject in week.dates -->\u003Ctd data-ng-repeat=\"dateObject in week.dates\" data-ng-click=\"changeView(data.nextView, dateObject, $event)\" class=\"day ng-binding ng-scope\" data-ng-class=\"{active: dateObject.active, past: dateObject.past, future: dateObject.future, disabled: !dateObject.selectable}\">18\u003C/td>\u003C!-- end ngRepeat: dateObject in week.dates -->       \u003C/tr>\u003C!-- end ngIf: data.currentView === 'day' -->\u003C!-- end ngRepeat: week in data.weeks -->\u003C!-- ngIf: data.currentView === 'day' -->\u003Ctr data-ng-if=\"data.currentView === 'day'\" data-ng-repeat=\"week in data.weeks\" class=\"ng-scope\">           \u003C!-- ngRepeat: dateObject in week.dates -->\u003Ctd data-ng-repeat=\"dateObject in week.dates\" data-ng-click=\"changeView(data.nextView, dateObject, $event)\" class=\"day ng-binding ng-scope\" data-ng-class=\"{active: dateObject.active, past: dateObject.past, future: dateObject.future, disabled: !dateObject.selectable}\">19\u003C/td>\u003C!-- end ngRepeat: dateObject in week.dates -->\u003Ctd data-ng-repeat=\"dateObject in week.dates\" data-ng-click=\"changeView(data.nextView, dateObject, $event)\" class=\"day ng-binding ng-scope\" data-ng-class=\"{active: dateObject.active, past: dateObject.past, future: dateObject.future, disabled: !dateObject.selectable}\">20\u003C/td>\u003C!-- end ngRepeat: dateObject in week.dates -->\u003Ctd data-ng-repeat=\"dateObject in week.dates\" data-ng-click=\"changeView(data.nextView, dateObject, $event)\" class=\"day ng-binding ng-scope\" data-ng-class=\"{active: dateObject.active, past: dateObject.past, future: dateObject.future, disabled: !dateObject.selectable}\">21\u003C/td>\u003C!-- end ngRepeat: dateObject in week.dates -->\u003Ctd data-ng-repeat=\"dateObject in week.dates\" data-ng-click=\"changeView(data.nextView, dateObject, $event)\" class=\"day ng-binding ng-scope\" data-ng-class=\"{active: dateObject.active, past: dateObject.past, future: dateObject.future, disabled: !dateObject.selectable}\">22\u003C/td>\u003C!-- end ngRepeat: dateObject in week.dates -->\u003Ctd data-ng-repeat=\"dateObject in week.dates\" data-ng-click=\"changeView(data.nextView, dateObject, $event)\" class=\"day ng-binding ng-scope\" data-ng-class=\"{active: dateObject.active, past: dateObject.past, future: dateObject.future, disabled: !dateObject.selectable}\">23\u003C/td>\u003C!-- end ngRepeat: dateObject in week.dates -->\u003Ctd data-ng-repeat=\"dateObject in week.dates\" data-ng-click=\"changeView(data.nextView, dateObject, $event)\" class=\"day ng-binding ng-scope\" data-ng-class=\"{active: dateObject.active, past: dateObject.past, future: dateObject.future, disabled: !dateObject.selectable}\">24\u003C/td>\u003C!-- end ngRepeat: dateObject in week.dates -->\u003Ctd data-ng-repeat=\"dateObject in week.dates\" data-ng-click=\"changeView(data.nextView, dateObject, $event)\" class=\"day ng-binding ng-scope\" data-ng-class=\"{active: dateObject.active, past: dateObject.past, future: dateObject.future, disabled: !dateObject.selectable}\">25\u003C/td>\u003C!-- end ngRepeat: dateObject in week.dates -->       \u003C/tr>\u003C!-- end ngIf: data.currentView === 'day' -->\u003C!-- end ngRepeat: week in data.weeks -->\u003C!-- ngIf: data.currentView === 'day' -->\u003Ctr data-ng-if=\"data.currentView === 'day'\" data-ng-repeat=\"week in data.weeks\" class=\"ng-scope\">           \u003C!-- ngRepeat: dateObject in week.dates -->\u003Ctd data-ng-repeat=\"dateObject in week.dates\" data-ng-click=\"changeView(data.nextView, dateObject, $event)\" class=\"day ng-binding ng-scope\" data-ng-class=\"{active: dateObject.active, past: dateObject.past, future: dateObject.future, disabled: !dateObject.selectable}\">26\u003C/td>\u003C!-- end ngRepeat: dateObject in week.dates -->\u003Ctd data-ng-repeat=\"dateObject in week.dates\" data-ng-click=\"changeView(data.nextView, dateObject, $event)"
14:23:18.380 [Forwarding getPageSource on session 4c24f2ba62dc6a195f9b6e8aba03f587 to remote] DEBUG org.apache.http.wire - http-outgoing-188 << "\" class=\"day ng-binding ng-scope\" data-ng-class=\"{active: dateObject.active, past: dateObject.past, future: dateObject.future, disabled: !dateObject.selectable}\">27\u003C/td>\u003C!-- end ngRepeat: dateObject in week.dates -->\u003Ctd data-ng-repeat=\"dateObject in week.dates\" data-ng-click=\"changeView(data.nextView, dateObject, $event)\" class=\"day ng-binding ng-scope\" data-ng-class=\"{active: dateObject.active, past: dateObject.past, future: dateObject.future, disabled: !dateObject.selectable}\">28\u003C/td>\u003C!-- end ngRepeat: dateObject in week.dates -->\u003Ctd data-ng-repeat=\"dateObject in week.dates\" data-ng-click=\"changeView(data.nextView, dateObject, $event)\" class=\"day ng-binding ng-scope\" data-ng-class=\"{active: dateObject.active, past: dateObject.past, future: dateObject.future, disabled: !dateObject.selectable}\">29\u003C/td>\u003C!-- end ngRepeat: dateObject in week.dates -->\u003Ctd data-ng-repeat=\"dateObject in week.dates\" data-ng-click=\"changeView(data.nextView, dateObject, $event)\" class=\"day ng-binding ng-scope\" data-ng-class=\"{active: dateObject.active, past: dateObject.past, future: dateObject.future, disabled: !dateObject.selectable}\">30\u003C/td>\u003C!-- end ngRepeat: dateObject in week.dates -->\u003Ctd data-ng-repeat=\"dateObject in week.dates\" data-ng-click=\"changeView(data.nextView, dateObject, $event)\" class=\"day ng-binding ng-scope\" data-ng-class=\"{active: dateObject.active, past: dateObject.past, future: dateObject.future, disabled: !dateObject.selectable}\">31\u003C/td>\u003C!-- end ngRepeat: dateObject in week.dates -->\u003Ctd data-ng-repeat=\"dateObject in week.dates\" data-ng-click=\"changeView(data.nextView, dateObject, $event)\" class=\"day ng-binding ng-scope future\" data-ng-class=\"{active: dateObject.active, past: dateObject.past, future: dateObject.future, disabled: !dateObject.selectable}\">1\u003C/td>\u003C!-- end ngRepeat: dateObject in week.dates -->       \u003C/tr>\u003C!-- end ngIf: data.currentView === 'day' -->\u003C!-- end ngRepeat: week in data.weeks -->\u003C!-- ngIf: data.currentView === 'day' -->\u003Ctr data-ng-if=\"data.currentView === 'day'\" data-ng-repeat=\"week in data.weeks\" class=\"ng-scope\">           \u003C!-- ngRepeat: dateObject in week.dates -->\u003Ctd data-ng-repeat=\"dateObject in week.dates\" data-ng-click=\"changeView(data.nextView, dateObject, $event)\" class=\"day ng-binding ng-scope future\" data-ng-class=\"{active: dateObject.active, past: dateObject.past, future: dateObject.future, disabled: !dateObject.selectable}\">2\u003C/td>\u003C!-- end ngRepeat: dateObject in week.dates -->\u003Ctd data-ng-repeat=\"dateObject in week.dates\" data-ng-click=\"changeView(data.nextView, dateObject, $event)\" class=\"day ng-binding ng-scope future\" data-ng-class=\"{active: dateObject.active, past: dateObject.past, future: dateObject.future, disabled: !dateObject.selectable}\">3\u003C/td>\u003C!-- end ngRepeat: dateObject in week.dates -->\u003Ctd data-ng-repeat=\"dateObject in week.dates\" data-ng-click=\"changeView(data.nextView, dateObject, $event)\" class=\"day ng-binding ng-scope future\" data-ng-class=\"{active: dateObject.active, past: dateObject.past, future: dateObject.future, disabled: !dateObject.selectable}\">4\u003C/td>\u003C!-- end ngRepeat: dateObject in week.dates -->\u003Ctd data-ng-repeat=\"dateObject in week.dates\" data-ng-click=\"changeView(data.nextView, dateObject, $event)\" class=\"day ng-binding ng-scope future\" data-ng-class=\"{active: dateObject.active, past: dateObject.past, future: dateObject.future, disabled: !dateObject.selectable}\">5\u003C/td>\u003C!-- end ngRepeat: dateObject in week.dates -->\u003Ctd data-ng-repeat=\"dateObject in week.dates\" data-ng-click=\"changeView(data.nextView, dateObject, $event)\" class=\"day ng-binding ng-scope future\" data-ng-class=\"{active: dateObject.active, past: dateObject.past, future: dateObject.future, disabled: !dateObject.selectable}\">6\u003C/td>\u003C!-- end ngRepeat: dateObject in week.dates -->\u003Ctd data-ng-repeat=\"dateObject in week.dates\" "
14:23:18.380 [Forwarding getPageSource on session 4c24f2ba62dc6a195f9b6e8aba03f587 to remote] DEBUG org.apache.http.wire - http-outgoing-188 << "data-ng-click=\"changeView(data.nextView, dateObject, $event)\" class=\"day ng-binding ng-scope future\" data-ng-class=\"{active: dateObject.active, past: dateObject.past, future: dateObject.future, disabled: !dateObject.selectable}\">7\u003C/td>\u003C!-- end ngRepeat: dateObject in week.dates -->\u003Ctd data-ng-repeat=\"dateObject in week.dates\" data-ng-click=\"changeView(data.nextView, dateObject, $event)\" class=\"day ng-binding ng-scope future\" data-ng-class=\"{active: dateObject.active, past: dateObject.past, future: dateObject.future, disabled: !dateObject.selectable}\">8\u003C/td>\u003C!-- end ngRepeat: dateObject in week.dates -->       \u003C/tr>\u003C!-- end ngIf: data.currentView === 'day' -->\u003C!-- end ngRepeat: week in data.weeks -->   \u003C/tbody>\u003C/table>\u003C/div>\u003C/ul> \u003C/div> \u003C/div> \u003Cdiv class=\"form-group\"> \u003Clabel>Status\u003C/label> \u003Cselect id=\"status\" class=\"form-control ng-pristine ng-untouched ng-valid\" data-ng-model=\"search.active\"> \u003Coption name=\"All\" value=\"\">All \u003C/option>\u003Coption name=\"Active\" value=\"true\">Active \u003C/option>\u003Coption name=\"Inactive\" value=\"false\">Inactive \u003C/option>\u003C/select> \u003C/div> \u003Cdiv class=\"form-group\"> \u003Clabel for=\"type\">Type\u003C/label> \u003Cselect id=\"type\" name=\"search.type\" class=\"form-control ng-pristine ng-untouched ng-valid\" ng-model=\"search.type\" ng-options=\"campaignType.key as campaignType.value for campaignType in campaignTypes\">\u003Coption value=\"string:\" label=\"All\" selected=\"selected\">All\u003C/option>\u003Coption value=\"string:PROMO_CODE\" label=\"Promo Code\">Promo Code\u003C/option>\u003Coption value=\"string:SINGLE_USE_TRANSFERABLE\" label=\"Single Use Transferable\">Single Use Transferable\u003C/option>\u003Coption value=\"string:SINGLE_USE_NON_TRANSFERABLE\" label=\"Single Use Non-Transferable\">Single Use Non-Transferable\u003C/option>\u003Coption value=\"string:GIFTING\" label=\"Gifting\">Gifting\u003C/option>\u003C/select> \u003C/div> \u003Cdiv class=\"form-group buttons\"> \u003Cbutton type=\"submit\" class=\"btn btn-primary filter\" ng-click=\"searchForm.$valid &amp;&amp; updateFilter()\" ng-disabled=\"!searchForm.$valid\">Filter Campaigns \u003C/button> \u003Cbutton type=\"submit\" class=\"btn btn-default clear\" ng-click=\"clearFilter()\">Clear Filter\u003C/button> \u003C/div> \u003Cdiv class=\"clear\">\u003C/div> \u003C/div> \u003C/form> \u003C/div> \u003Cdiv class=\"row ng-scope\"> \u003Cdiv class=\"col-md-12\"> \u003Ca style=\"cursor: pointer\" ng-click=\"showFilters=!showFilters\" class=\"ng-binding\">Show Advanced Filters\u003C/a> \u003C/div> \u003C/div> \u003Cdiv class=\"row ng-scope\"> \u003Cdiv class=\"col-md-12\"> \u003Ctable class=\"table campaign-list\" id=\"campaign-list\"> \u003Cthead> \u003Ctr> \u003Cth>Name \u003C/th>\u003Cth>State \u003C/th>\u003Cth>Type \u003C/th>\u003Cth>Start \u003C/th>\u003Cth>End \u003C/th>\u003Cth>Vouchers \u003C/th>\u003Cth>Redemption Cap \u003C/th>\u003Cth>Redeemed   \u003C/th>\u003C/tr>\u003C/thead>\u003Ctbody> \u003C!-- ngRepeat: campaign in campaigns | itemsPerPage: 25 -->\u003C/tbody>\u003C/table> \u003C/div> \u003C/div> \u003Cdiv dir-pagination-controls=\"\" class=\"col-lg-12 paginationList ng-scope ng-isolate-scope\" on-page-change=\"pageChanged(newPageNumber)\">\u003C!-- ngIf: 1 \u003C pages.length -->\u003C/div>\u003C/div> \u003Cdiv class=\"footer\">\u003C/div> \u003C/div> \u003C!--[if lt IE 9]>\n    \u003Cscript src=\"scripts/ie-include.b163eea9.js\">\u003C/script>\n    \u003C![endif]--> \u003Cscript src=\"scripts/vendor.5b6e72cb.js\">\u003C/script> \u003Cscript src=\"scripts/scripts.b3713605.js\">\u003C/script> \u003Cscript src=\"/config\">\u003C/script>  \u003C/body>\u003C/html>"}"
14:23:18.380 [Forwarding getPageSource on session 4c24f2ba62dc6a195f9b6e8aba03f587 to remote] DEBUG o.a.h.i.c.DefaultManagedHttpClientConnection - http-outgoing-188: Shutdown connection
14:23:18.380 [Forwarding getPageSource on session 4c24f2ba62dc6a195f9b6e8aba03f587 to remote] DEBUG o.a.h.impl.execchain.MainClientExec - Connection discarded
14:23:18.380 [Forwarding getPageSource on session 4c24f2ba62dc6a195f9b6e8aba03f587 to remote] DEBUG o.a.h.i.c.DefaultManagedHttpClientConnection - http-outgoing-188: Close connection
14:23:18.380 [Forwarding getPageSource on session 4c24f2ba62dc6a195f9b6e8aba03f587 to remote] DEBUG o.a.h.i.c.PoolingHttpClientConnectionManager - Connection released: [id: 188][route: {}->http://localhost:6219][total kept alive: 0; route allocated: 0 of 2000; total allocated: 0 of 2000]
]]></system-out>
  <system-err><![CDATA[]]></system-err>
</testsuite>
